{
  "stats": {
    "suites": 0,
    "tests": 0,
    "passes": 0,
    "pending": 0,
    "failures": 0,
    "start": "2020-09-24T04:18:04.768Z",
    "end": "2020-09-24T04:18:04.770Z",
    "duration": 2,
    "testsRegistered": 12,
    "passPercent": 0,
    "pendingPercent": 0,
    "other": 1,
    "hasOther": true,
    "skipped": 12,
    "hasSkipped": true
  },
  "results": [
    {
      "uuid": "3adbe968-e898-44af-a8ca-3eb326c0a144",
      "title": "",
      "fullFile": "",
      "file": "",
      "beforeHooks": [
        {
          "title": "\"before all\" hook",
          "fullTitle": "\"before all\" hook",
          "timedOut": false,
          "duration": 0,
          "state": null,
          "speed": null,
          "pass": false,
          "fail": false,
          "pending": false,
          "context": null,
          "code": "config.bypass = true;\nconfig.bucketTemp = \"./test/sim/temp\";\nconfig.bucketSite = \"./test/sim/server\";\nif (!fs.existsSync(config.bucketSite + \"/dummy-bucket-001\")) {\n  fs.mkdirSync(config.bucketSite + \"/dummy-bucket-001\");\n}",
          "err": {},
          "uuid": "4f1ab6b7-215c-4e2e-a1e1-89991566d9ed",
          "parentUUID": null,
          "isHook": true,
          "skipped": false
        },
        {
          "title": "\"before all\" hook",
          "fullTitle": "\"before all\" hook",
          "timedOut": false,
          "duration": 0,
          "state": null,
          "speed": null,
          "pass": false,
          "fail": false,
          "pending": false,
          "context": null,
          "code": "config.bypass = true;\nconfig.bucketTemp = \"./test/sim/temp\";\nconfig.bucketSite = \"./test/sim/server\";",
          "err": {},
          "uuid": "c2688052-2ddd-4d27-a37d-eae2acf014e0",
          "parentUUID": null,
          "isHook": true,
          "skipped": false
        },
        {
          "title": "\"before all\" hook",
          "fullTitle": "\"before all\" hook",
          "timedOut": false,
          "duration": 0,
          "state": null,
          "speed": null,
          "pass": false,
          "fail": false,
          "pending": false,
          "context": null,
          "code": "config.bypass = true;",
          "err": {},
          "uuid": "e320e96e-b88f-4d50-b452-cdbf7f5cfed1",
          "parentUUID": null,
          "isHook": true,
          "skipped": false
        }
      ],
      "afterHooks": [],
      "tests": [],
      "suites": [
        {
          "uuid": "86865e23-2b96-469d-a11e-378e0d31af99",
          "title": "Test Data Validation",
          "fullFile": "D:\\Repos\\VideoIntelligence\\Core\\test\\misc\\DataValidation.test.js",
          "file": "\\test\\misc\\DataValidation.test.js",
          "beforeHooks": [],
          "afterHooks": [],
          "tests": [
            {
              "title": "Should return true",
              "fullTitle": "Test Data Validation Should return true",
              "timedOut": false,
              "duration": 0,
              "state": null,
              "speed": null,
              "pass": false,
              "fail": false,
              "pending": false,
              "context": null,
              "code": "let obj = {\n  a: 1,\n  b: 3.14,\n  c: \"Hello World\",\n};\nassert.equal(DataValidation.allNotUndefined(obj.a, obj.b, obj.c), true);",
              "err": {},
              "uuid": "c05712ca-7232-4f77-9b18-0f0f4978e599",
              "parentUUID": null,
              "isHook": false,
              "skipped": true
            },
            {
              "title": "Should return false",
              "fullTitle": "Test Data Validation Should return false",
              "timedOut": false,
              "duration": 0,
              "state": null,
              "speed": null,
              "pass": false,
              "fail": false,
              "pending": false,
              "context": null,
              "code": "let obj = {\n  a: 1,\n  b: 3.14,\n  c: \"Hello World\",\n};\nassert.equal(\n  DataValidation.allNotUndefined(obj.a, obj.b, obj.c, obj.d),\n  false\n);",
              "err": {},
              "uuid": "d45abfac-5e3f-4008-80d2-0e97f2db97b8",
              "parentUUID": null,
              "isHook": false,
              "skipped": true
            }
          ],
          "suites": [],
          "passes": [],
          "failures": [],
          "pending": [],
          "skipped": [
            "c05712ca-7232-4f77-9b18-0f0f4978e599",
            "d45abfac-5e3f-4008-80d2-0e97f2db97b8"
          ],
          "duration": 0,
          "root": false,
          "rootEmpty": false,
          "_timeout": 10000
        },
        {
          "uuid": "1ddd12e3-b303-47c7-9ed5-720e0757ce55",
          "title": "bucket.jobs",
          "fullFile": "D:\\Repos\\VideoIntelligence\\Core\\test\\v1\\bucket.jobs.test.js",
          "file": "\\test\\v1\\bucket.jobs.test.js",
          "beforeHooks": [],
          "afterHooks": [],
          "tests": [
            {
              "title": "Download file successful",
              "fullTitle": "bucket.jobs Download file successful",
              "timedOut": false,
              "duration": 0,
              "state": null,
              "speed": null,
              "pass": false,
              "fail": false,
              "pending": false,
              "context": null,
              "code": "bucket.queue.downloadJob.add({\n  url:\n    \"https://archive.ics.uci.edu/ml/machine-learning-databases/00366/AReM.zip\",\n  bid: \"dummy-bucket-001\",\n  des: \"/dataset.tgz\" + Date.now(),\n});",
              "err": {},
              "uuid": "945a9eec-ff5f-452b-b058-921878158669",
              "parentUUID": null,
              "isHook": false,
              "skipped": true
            },
            {
              "title": "Zip successful",
              "fullTitle": "bucket.jobs Zip successful",
              "timedOut": false,
              "duration": 0,
              "state": null,
              "speed": null,
              "pass": false,
              "fail": false,
              "pending": false,
              "context": null,
              "code": "let job = await bucket.queue.zip.add({\n  dir: \"./test/sim/client/demoFolder\",\n  output: \"./test/sim/server/dummy-bucket-001/a.zip\",\n});\njob.isCompleted().then(() => console.log(\"Completed\"));\nconsole.log(\"Done\");",
              "err": {},
              "uuid": "def3a13e-d4ee-4058-8aa4-471f86771eda",
              "parentUUID": null,
              "isHook": false,
              "skipped": true
            }
          ],
          "suites": [],
          "passes": [],
          "failures": [],
          "pending": [],
          "skipped": [
            "945a9eec-ff5f-452b-b058-921878158669",
            "def3a13e-d4ee-4058-8aa4-471f86771eda"
          ],
          "duration": 0,
          "root": false,
          "rootEmpty": false,
          "_timeout": 10000
        },
        {
          "uuid": "bd26d46b-892d-4041-81d9-39ca859cd702",
          "title": "v1/bucket",
          "fullFile": "D:\\Repos\\VideoIntelligence\\Core\\test\\v1\\bucket.route.test.js",
          "file": "\\test\\v1\\bucket.route.test.js",
          "beforeHooks": [
            {
              "title": "\"before each\" hook",
              "fullTitle": "v1/bucket \"before each\" hook",
              "timedOut": false,
              "duration": 0,
              "state": null,
              "speed": null,
              "pass": false,
              "fail": false,
              "pending": false,
              "context": null,
              "code": "// Create dummy project\nawait admin\n  .firestore()\n  .collection(\"projects\")\n  .doc(\"dummy-0001\")\n  .set({\n    name: \"Dummy project\",\n    description: \"This is the description\",\n    ownerId: \"12345\",\n    buckets: [\"dummy-bucket-001\"],\n  });\nawait admin.firestore().collection(\"buckets\").doc(\"dummy-bucket-001\").set({\n  bid: \"dummy-bucket-001\",\n  size: 9999999,\n  remain: 999999,\n});\nconsole.log(\"Created dummy project\");",
              "err": {},
              "uuid": "0d5858d8-b351-47d5-8950-4951b4581942",
              "parentUUID": null,
              "isHook": true,
              "skipped": false
            }
          ],
          "afterHooks": [
            {
              "title": "\"after each\" hook",
              "fullTitle": "v1/bucket \"after each\" hook",
              "timedOut": false,
              "duration": 0,
              "state": null,
              "speed": null,
              "pass": false,
              "fail": false,
              "pending": false,
              "context": null,
              "code": "fs.rmdirSync(config.bucketTemp, { recursive: true });\nfs.rmdirSync(path.join(config.bucketSite, \"dummy-bucket-001\"), {\n  recursive: true,\n});\nrequester.close();\n// Delete dummy project\nawait admin.firestore().collection(\"projects\").doc(\"dummy-0001\").delete();\nawait admin\n  .firestore()\n  .collection(\"buckets\")\n  .doc(\"dummy-bucket-001\")\n  .delete();",
              "err": {},
              "uuid": "cb923fbf-c9ad-4322-8c04-2503770a4d02",
              "parentUUID": null,
              "isHook": true,
              "skipped": false
            }
          ],
          "tests": [
            {
              "title": "POST /v1/bucket/upload Sucessful",
              "fullTitle": "v1/bucket POST /v1/bucket/upload Sucessful",
              "timedOut": false,
              "duration": 0,
              "state": null,
              "speed": null,
              "pass": false,
              "fail": false,
              "pending": false,
              "context": null,
              "code": "requester\n  .post(\n    \"/v1/bucket/upload?dummyUid=12345&dummyEmail=teo@gmail.com&pid=dummy-0001&bid=dummy-bucket-001&d=/\"\n  )\n  .set(\"Content-Type\", \"application/x-www-form-urlencoded\")\n  .attach(\"file\", \"./test/sim/client/test01.txt\")\n  .end((err, res) => {\n    if (err) {\n      console.log(err);\n    }\n    assert.equal(\n      fs.existsSync(\"./test/sim/server/dummy-bucket-001/test01.txt\"),\n      true\n    );\n  });",
              "err": {},
              "uuid": "d501a775-e427-4f4e-bd27-c6aef2f5b6f1",
              "parentUUID": null,
              "isHook": false,
              "skipped": true
            }
          ],
          "suites": [],
          "passes": [],
          "failures": [],
          "pending": [],
          "skipped": [
            "d501a775-e427-4f4e-bd27-c6aef2f5b6f1"
          ],
          "duration": 0,
          "root": false,
          "rootEmpty": false,
          "_timeout": 10000
        },
        {
          "uuid": "7b517ba0-7da4-409e-86b9-3f47fc018f22",
          "title": "v1/projects",
          "fullFile": "D:\\Repos\\VideoIntelligence\\Core\\test\\v1\\projects.route.test.js",
          "file": "\\test\\v1\\projects.route.test.js",
          "beforeHooks": [
            {
              "title": "\"before each\" hook",
              "fullTitle": "v1/projects \"before each\" hook",
              "timedOut": false,
              "duration": 0,
              "state": null,
              "speed": null,
              "pass": false,
              "fail": false,
              "pending": false,
              "context": null,
              "code": "// Create dummy project\nawait admin.firestore().collection(\"projects\").doc(\"dummy-0001\").set({\n  name: \"Dummy project\",\n  description: \"This is the description\",\n  ownerId: \"12345\",\n});\nconsole.log(\"Created dummy project\");",
              "err": {},
              "uuid": "642a0434-cafa-43c5-a83d-9467238dc912",
              "parentUUID": null,
              "isHook": true,
              "skipped": false
            }
          ],
          "afterHooks": [
            {
              "title": "\"after all\" hook",
              "fullTitle": "v1/projects \"after all\" hook",
              "timedOut": false,
              "duration": 0,
              "state": null,
              "speed": null,
              "pass": false,
              "fail": false,
              "pending": false,
              "context": null,
              "code": "requester.close();\n// Delete dummy project\nawait admin.firestore().collection(\"projects\").doc(\"dummy-0001\").delete();\nawait admin.firestore().collection(\"projects\").doc(\"PROJECT-01\").delete();\nconsole.log(\"Deleted dummy project\\n\");",
              "err": {},
              "uuid": "e710c7a7-1d43-4a38-a743-7209571d3a14",
              "parentUUID": null,
              "isHook": true,
              "skipped": false
            }
          ],
          "tests": [
            {
              "title": "GET",
              "fullTitle": "v1/projects GET",
              "timedOut": false,
              "duration": 0,
              "state": null,
              "speed": null,
              "pass": false,
              "fail": false,
              "pending": false,
              "context": null,
              "code": "requester\n  .get(\"/v1/projects\")\n  .set(\"content-type\", \"application/json\")\n  .send({\n    dummy: {\n      uid: \"12345\",\n      email: \"Nguyen Van Teo\",\n    },\n  })\n  .end((err, res) => {\n    const { projects } = res.body;\n    res.should.has.status(200);\n    assert.notEqual(projects.length, 0);\n    console.log(projects);\n    done();\n  });",
              "err": {},
              "uuid": "0031dee8-97d7-4e5e-9d0a-1c8334f456c0",
              "parentUUID": null,
              "isHook": false,
              "skipped": true
            },
            {
              "title": "POST with error",
              "fullTitle": "v1/projects POST with error",
              "timedOut": false,
              "duration": 0,
              "state": null,
              "speed": null,
              "pass": false,
              "fail": false,
              "pending": false,
              "context": null,
              "code": "requester\n  .post(\"/v1/projects\")\n  .set(\"content-type\", \"application/json\")\n  .send({\n    dummy: {\n      uid: \"12345\",\n      email: \"Nguyen Van Teo\",\n    },\n    name: \"Project 01\",\n    description: \"Description 01\",\n  })\n  .end((err, res) => {\n    res.should.has.status(404);\n    done();\n  });",
              "err": {},
              "uuid": "1dad877d-29d7-48fa-bcb9-9c26d3239a70",
              "parentUUID": null,
              "isHook": false,
              "skipped": true
            },
            {
              "title": "POST without error",
              "fullTitle": "v1/projects POST without error",
              "timedOut": false,
              "duration": 0,
              "state": null,
              "speed": null,
              "pass": false,
              "fail": false,
              "pending": false,
              "context": null,
              "code": "requester\n  .post(\"/v1/projects\")\n  .set(\"content-type\", \"application/json\")\n  .send({\n    dummy: {\n      uid: \"12345\",\n      email: \"Nguyen Van Teo\",\n    },\n    id: \"PROJECT-01\",\n    name: \"Project 01\",\n    description: \"Description 01\",\n  })\n  .end((err, res) => {\n    assert.equal(res.status, 201);\n    done();\n  });",
              "err": {},
              "uuid": "f64f392f-e7cc-4204-a669-88db9004eb98",
              "parentUUID": null,
              "isHook": false,
              "skipped": true
            },
            {
              "title": "PUT without error",
              "fullTitle": "v1/projects PUT without error",
              "timedOut": false,
              "duration": 0,
              "state": null,
              "speed": null,
              "pass": false,
              "fail": false,
              "pending": false,
              "context": null,
              "code": "requester\n  .put(\"/v1/projects\")\n  .set(\"content-type\", \"application/json\")\n  .send({\n    dummy: {\n      uid: \"12345\",\n      email: \"Nguyen Van Teo\",\n    },\n    pid: \"dummy-0001\",\n    name: \"Project XXX\",\n    description: \"Description XXX\",\n  })\n  .then(async function (res) {\n    expect(res.status).to.equal(200);\n    let projectDoc = await admin\n      .firestore()\n      .collection(\"projects\")\n      .doc(\"dummy-0001\")\n      .get();\n    let data = projectDoc.data();\n    expect(data).to.has.property(\"name\", \"Project XXX\");\n    done();\n  });",
              "err": {},
              "uuid": "9de54f5b-2d42-4923-829d-7e369b009235",
              "parentUUID": null,
              "isHook": false,
              "skipped": true
            },
            {
              "title": "PUT with error",
              "fullTitle": "v1/projects PUT with error",
              "timedOut": false,
              "duration": 0,
              "state": null,
              "speed": null,
              "pass": false,
              "fail": false,
              "pending": false,
              "context": null,
              "code": "requester\n  .put(\"/v1/projects\")\n  .set(\"content-type\", \"application/json\")\n  .send({\n    dummy: {\n      uid: \"12345\",\n      email: \"Nguyen Van Teo\",\n    },\n    name: \"Project XXX\",\n    description: \"Description XXX\",\n  })\n  .end((err, res) => {\n    expect(res.status).to.equal(404);\n  });",
              "err": {},
              "uuid": "de7853e3-5f61-42e7-a412-7d3fa5185e76",
              "parentUUID": null,
              "isHook": false,
              "skipped": true
            },
            {
              "title": "DELETE not existed project",
              "fullTitle": "v1/projects DELETE not existed project",
              "timedOut": false,
              "duration": 0,
              "state": null,
              "speed": null,
              "pass": false,
              "fail": false,
              "pending": false,
              "context": null,
              "code": "requester\n  .delete(\"/v1/projects?pid=PROJECT-XXXXXXXXXX\")\n  .send({\n    dummy: {\n      uid: \"12345\",\n      email: \"Nguyen Van Teo\",\n    },\n  })\n  .end((err, res) => {\n    expect(res.status).to.equal(404);\n  });",
              "err": {},
              "uuid": "b18e3471-fa54-4093-b18e-73d58390aa64",
              "parentUUID": null,
              "isHook": false,
              "skipped": true
            },
            {
              "title": "DELETE existed project",
              "fullTitle": "v1/projects DELETE existed project",
              "timedOut": false,
              "duration": 0,
              "state": null,
              "speed": null,
              "pass": false,
              "fail": false,
              "pending": false,
              "context": null,
              "code": "requester\n  .delete(\"/v1/projects?pid=dummy-0001\")\n  .send({\n    dummy: {\n      uid: \"12345\",\n      email: \"Nguyen Van Teo\",\n    },\n  })\n  .end(async (err, res) => {\n    let doc = await admin\n      .firestore()\n      .collection(\"projects\")\n      .doc(\"dummy-0001\")\n      .get();\n    let d = doc.data();\n    expect((await doc).exists).to.equal(false);\n    done();\n  });",
              "err": {},
              "uuid": "5b5ffd3e-401d-4980-b1b6-14605fabc0d7",
              "parentUUID": null,
              "isHook": false,
              "skipped": true
            }
          ],
          "suites": [],
          "passes": [],
          "failures": [],
          "pending": [],
          "skipped": [
            "0031dee8-97d7-4e5e-9d0a-1c8334f456c0",
            "1dad877d-29d7-48fa-bcb9-9c26d3239a70",
            "f64f392f-e7cc-4204-a669-88db9004eb98",
            "9de54f5b-2d42-4923-829d-7e369b009235",
            "de7853e3-5f61-42e7-a412-7d3fa5185e76",
            "b18e3471-fa54-4093-b18e-73d58390aa64",
            "5b5ffd3e-401d-4980-b1b6-14605fabc0d7"
          ],
          "duration": 0,
          "root": false,
          "rootEmpty": false,
          "_timeout": 10000
        }
      ],
      "passes": [],
      "failures": [],
      "pending": [],
      "skipped": [],
      "duration": 0,
      "root": true,
      "rootEmpty": true,
      "_timeout": 10000
    }
  ],
  "meta": {
    "mocha": {
      "version": "8.1.3"
    },
    "mochawesome": {
      "options": {
        "quiet": false,
        "reportFilename": "mochawesome",
        "saveHtml": true,
        "saveJson": true,
        "consoleReporter": "spec",
        "useInlineDiffs": false,
        "code": true
      },
      "version": "6.1.1"
    },
    "marge": {
      "options": null,
      "version": "5.1.0"
    }
  }
}