{
  "stats": {
    "suites": 2,
    "tests": 7,
    "passes": 6,
    "pending": 0,
    "failures": 1,
    "start": "2020-09-18T08:44:56.619Z",
    "end": "2020-09-18T08:45:08.361Z",
    "duration": 11742,
    "testsRegistered": 7,
    "passPercent": 85.71428571428571,
    "pendingPercent": 0,
    "other": 0,
    "hasOther": false,
    "skipped": 0,
    "hasSkipped": false
  },
  "results": [
    {
      "uuid": "8b39a5ab-9d23-47e0-89ba-815bd20ffa19",
      "title": "",
      "fullFile": "",
      "file": "",
      "beforeHooks": [
        {
          "title": "\"before all\" hook in \"{root}\"",
          "fullTitle": "\"before all\" hook in \"{root}\"",
          "timedOut": false,
          "duration": 0,
          "state": null,
          "speed": null,
          "pass": false,
          "fail": false,
          "pending": false,
          "context": null,
          "code": "config.bypass = true;",
          "err": {},
          "uuid": "a09d9d80-1d93-4668-b40c-ad4f2bc85bff",
          "parentUUID": "8b39a5ab-9d23-47e0-89ba-815bd20ffa19",
          "isHook": true,
          "skipped": false
        }
      ],
      "afterHooks": [],
      "tests": [],
      "suites": [
        {
          "uuid": "bf725734-3e1e-47d0-9aef-5daccf6e0d01",
          "title": "Test Data Validation",
          "fullFile": "D:\\Repos\\VideoIntelligence\\Core\\test\\misc\\DataValidation.test.js",
          "file": "\\test\\misc\\DataValidation.test.js",
          "beforeHooks": [],
          "afterHooks": [],
          "tests": [
            {
              "title": "Should return true",
              "fullTitle": "Test Data Validation Should return true",
              "timedOut": false,
              "duration": 1,
              "state": "passed",
              "speed": "fast",
              "pass": true,
              "fail": false,
              "pending": false,
              "context": null,
              "code": "let obj = {\n  a: 1,\n  b: 3.14,\n  c: \"Hello World\",\n};\nassert.equal(DataValidation.allNotUndefined(obj.a, obj.b, obj.c), true);",
              "err": {},
              "uuid": "df74ffc6-2005-454c-b12f-75c8097d16b0",
              "parentUUID": "bf725734-3e1e-47d0-9aef-5daccf6e0d01",
              "isHook": false,
              "skipped": false
            },
            {
              "title": "Should return false",
              "fullTitle": "Test Data Validation Should return false",
              "timedOut": false,
              "duration": 0,
              "state": "passed",
              "speed": "fast",
              "pass": true,
              "fail": false,
              "pending": false,
              "context": null,
              "code": "let obj = {\n  a: 1,\n  b: 3.14,\n  c: \"Hello World\",\n};\nassert.equal(\n  DataValidation.allNotUndefined(obj.a, obj.b, obj.c, obj.d),\n  false\n);",
              "err": {},
              "uuid": "c39e7f5e-2d0c-475c-836d-80f9de236e4f",
              "parentUUID": "bf725734-3e1e-47d0-9aef-5daccf6e0d01",
              "isHook": false,
              "skipped": false
            }
          ],
          "suites": [],
          "passes": [
            "df74ffc6-2005-454c-b12f-75c8097d16b0",
            "c39e7f5e-2d0c-475c-836d-80f9de236e4f"
          ],
          "failures": [],
          "pending": [],
          "skipped": [],
          "duration": 1,
          "root": false,
          "rootEmpty": false,
          "_timeout": 10000
        },
        {
          "uuid": "879d3a23-40c3-47ff-aacb-2ee496581c9c",
          "title": "v1/projects",
          "fullFile": "D:\\Repos\\VideoIntelligence\\Core\\test\\v1\\projects.route.test.js",
          "file": "\\test\\v1\\projects.route.test.js",
          "beforeHooks": [
            {
              "title": "\"before all\" hook in \"v1/projects\"",
              "fullTitle": "v1/projects \"before all\" hook in \"v1/projects\"",
              "timedOut": false,
              "duration": 775,
              "state": null,
              "speed": null,
              "pass": false,
              "fail": false,
              "pending": false,
              "context": null,
              "code": "// Create dummy project\nawait admin.firestore().collection(\"projects\").doc(\"dummy-0001\").set({\n  name: \"Dummy project\",\n  description: \"This is the description\",\n  ownerId: \"12345\",\n});\nconsole.log(\"Created dummy project\");",
              "err": {},
              "uuid": "a4c4ec71-16f0-4d11-afd9-a208aa11c6ac",
              "parentUUID": "879d3a23-40c3-47ff-aacb-2ee496581c9c",
              "isHook": true,
              "skipped": false
            }
          ],
          "afterHooks": [
            {
              "title": "\"after all\" hook in \"v1/projects\"",
              "fullTitle": "v1/projects \"after all\" hook in \"v1/projects\"",
              "timedOut": false,
              "duration": 376,
              "state": null,
              "speed": null,
              "pass": false,
              "fail": false,
              "pending": false,
              "context": null,
              "code": "requester.close();\n// Delete dummy project\nawait admin.firestore().collection(\"projects\").doc(\"dummy-0001\").delete();\nawait admin.firestore().collection(\"projects\").doc(\"PROJECT-01\").delete();\nconsole.log(\"Deleted dummy project\\n\");",
              "err": {},
              "uuid": "37994345-d163-4693-ad55-2cc054457b3d",
              "parentUUID": "879d3a23-40c3-47ff-aacb-2ee496581c9c",
              "isHook": true,
              "skipped": false
            }
          ],
          "tests": [
            {
              "title": "GET",
              "fullTitle": "v1/projects GET",
              "timedOut": false,
              "duration": 210,
              "state": "passed",
              "speed": "slow",
              "pass": true,
              "fail": false,
              "pending": false,
              "context": null,
              "code": "requester\n  .get(\"/v1/projects\")\n  .set(\"content-type\", \"application/json\")\n  .send({\n    dummy: {\n      uid: \"12345\",\n      email: \"Nguyen Van Teo\",\n    },\n  })\n  .end((err, res) => {\n    const { projects } = res.body;\n    res.should.has.status(200);\n    assert.notEqual(projects.length, 0);\n    console.log(projects);\n    done();\n  });",
              "err": {},
              "uuid": "d8ae0bfa-1b53-4784-8463-4c8f4f46cd39",
              "parentUUID": "879d3a23-40c3-47ff-aacb-2ee496581c9c",
              "isHook": false,
              "skipped": false
            },
            {
              "title": "POST with error",
              "fullTitle": "v1/projects POST with error",
              "timedOut": false,
              "duration": 3,
              "state": "passed",
              "speed": "fast",
              "pass": true,
              "fail": false,
              "pending": false,
              "context": null,
              "code": "requester\n  .post(\"/v1/projects\")\n  .set(\"content-type\", \"application/json\")\n  .send({\n    dummy: {\n      uid: \"12345\",\n      email: \"Nguyen Van Teo\",\n    },\n    name: \"Project 01\",\n    description: \"Description 01\",\n  })\n  .end((err, res) => {\n    res.should.has.status(404);\n    done();\n  });",
              "err": {},
              "uuid": "5c819359-1072-42f9-9fd5-9ce5133fcaf7",
              "parentUUID": "879d3a23-40c3-47ff-aacb-2ee496581c9c",
              "isHook": false,
              "skipped": false
            },
            {
              "title": "POST without error",
              "fullTitle": "v1/projects POST without error",
              "timedOut": false,
              "duration": 324,
              "state": "passed",
              "speed": "slow",
              "pass": true,
              "fail": false,
              "pending": false,
              "context": null,
              "code": "requester\n  .post(\"/v1/projects\")\n  .set(\"content-type\", \"application/json\")\n  .send({\n    dummy: {\n      uid: \"12345\",\n      email: \"Nguyen Van Teo\",\n    },\n    id: \"PROJECT-01\",\n    name: \"Project 01\",\n    description: \"Description 01\",\n  })\n  .end((err, res) => {\n    assert.equal(res.status, 201);\n    done();\n  });",
              "err": {},
              "uuid": "c17ee60c-8089-4fbb-a46e-cf57387da3de",
              "parentUUID": "879d3a23-40c3-47ff-aacb-2ee496581c9c",
              "isHook": false,
              "skipped": false
            },
            {
              "title": "PUT without error",
              "fullTitle": "v1/projects PUT without error",
              "timedOut": true,
              "duration": 10015,
              "state": "failed",
              "speed": null,
              "pass": false,
              "fail": true,
              "pending": false,
              "context": null,
              "code": "requester\n  .put(\"/v1/projects\")\n  .set(\"content-type\", \"application/json\")\n  .send({\n    dummy: {\n      uid: \"12345\",\n      email: \"Nguyen Van Teo\",\n    },\n    pid: \"dummy-0001\",\n    name: \"Project XXX\",\n    description: \"Description XXX\",\n  })\n  .then(async function (res) {\n    expect(res.status).to.equal(200);\n    //assert.equal(res.status, 200);\n    let projectDoc = await admin\n      .firestore()\n      .collection(\"projects\")\n      .doc(\"dummy-0001\")\n      .get();\n    let data = projectDoc.data();\n    expect(data).to.has.property(\"name\", \"Project XXX\");\n    done();\n  });",
              "err": {
                "message": "Error: Timeout of 10000ms exceeded. For async tests and hooks, ensure \"done()\" is called; if returning a Promise, ensure it resolves. (D:\\Repos\\VideoIntelligence\\Core\\test\\v1\\projects.route.test.js)",
                "estack": "Error: Timeout of 10000ms exceeded. For async tests and hooks, ensure \"done()\" is called; if returning a Promise, ensure it resolves. (D:\\Repos\\VideoIntelligence\\Core\\test\\v1\\projects.route.test.js)\n    at listOnTimeout (internal/timers.js:549:17)\n    at processTimers (internal/timers.js:492:7)",
                "diff": null
              },
              "uuid": "8443e23d-b0b6-4929-b99e-803f6eb718c9",
              "parentUUID": "879d3a23-40c3-47ff-aacb-2ee496581c9c",
              "isHook": false,
              "skipped": false
            },
            {
              "title": "PUT with error",
              "fullTitle": "v1/projects PUT with error",
              "timedOut": false,
              "duration": 1,
              "state": "passed",
              "speed": "fast",
              "pass": true,
              "fail": false,
              "pending": false,
              "context": null,
              "code": "requester\n  .put(\"/v1/projects\")\n  .set(\"content-type\", \"application/json\")\n  .send({\n    dummy: {\n      uid: \"12345\",\n      email: \"Nguyen Van Teo\",\n    },\n    name: \"Project XXX\",\n    description: \"Description XXX\",\n  })\n  .end((err, res) => {\n    expect(res.status).to.equal(404);\n  });",
              "err": {},
              "uuid": "99ddd1ab-963f-47b5-b793-21c0ae520419",
              "parentUUID": "879d3a23-40c3-47ff-aacb-2ee496581c9c",
              "isHook": false,
              "skipped": false
            }
          ],
          "suites": [],
          "passes": [
            "d8ae0bfa-1b53-4784-8463-4c8f4f46cd39",
            "5c819359-1072-42f9-9fd5-9ce5133fcaf7",
            "c17ee60c-8089-4fbb-a46e-cf57387da3de",
            "99ddd1ab-963f-47b5-b793-21c0ae520419"
          ],
          "failures": [
            "8443e23d-b0b6-4929-b99e-803f6eb718c9"
          ],
          "pending": [],
          "skipped": [],
          "duration": 10553,
          "root": false,
          "rootEmpty": false,
          "_timeout": 10000
        }
      ],
      "passes": [],
      "failures": [],
      "pending": [],
      "skipped": [],
      "duration": 0,
      "root": true,
      "rootEmpty": true,
      "_timeout": 10000
    }
  ],
  "meta": {
    "mocha": {
      "version": "8.1.3"
    },
    "mochawesome": {
      "options": {
        "quiet": false,
        "reportFilename": "mochawesome",
        "saveHtml": true,
        "saveJson": true,
        "consoleReporter": "spec",
        "useInlineDiffs": false,
        "code": true
      },
      "version": "6.1.1"
    },
    "marge": {
      "options": null,
      "version": "5.1.0"
    }
  }
}