{
  "stats": {
    "suites": 4,
    "tests": 12,
    "passes": 12,
    "pending": 0,
    "failures": 0,
    "start": "2020-09-24T04:15:41.173Z",
    "end": "2020-09-24T04:15:46.275Z",
    "duration": 5102,
    "testsRegistered": 12,
    "passPercent": 100,
    "pendingPercent": 0,
    "other": 1,
    "hasOther": true,
    "skipped": 0,
    "hasSkipped": false
  },
  "results": [
    {
      "uuid": "8faed034-c9df-4823-b331-6ec510b823b5",
      "title": "",
      "fullFile": "",
      "file": "",
      "beforeHooks": [
        {
          "title": "\"before all\" hook in \"{root}\"",
          "fullTitle": "\"before all\" hook in \"{root}\"",
          "timedOut": false,
          "duration": 1,
          "state": null,
          "speed": null,
          "pass": false,
          "fail": false,
          "pending": false,
          "context": null,
          "code": "config.bypass = true;\nconfig.bucketTemp = \"./test/sim/temp\";\nconfig.bucketSite = \"./test/sim/server\";\nfs.mkdirSync(config.bucketSite + \"/dummy-bucket-001\");",
          "err": {},
          "uuid": "9cbb420b-2bcd-41ce-b7d9-eb8f9af70525",
          "parentUUID": "8faed034-c9df-4823-b331-6ec510b823b5",
          "isHook": true,
          "skipped": false
        },
        {
          "title": "\"before all\" hook in \"{root}\"",
          "fullTitle": "\"before all\" hook in \"{root}\"",
          "timedOut": false,
          "duration": 0,
          "state": null,
          "speed": null,
          "pass": false,
          "fail": false,
          "pending": false,
          "context": null,
          "code": "config.bypass = true;\nconfig.bucketTemp = \"./test/sim/temp\";\nconfig.bucketSite = \"./test/sim/server\";",
          "err": {},
          "uuid": "77b09ccd-8049-4b81-933b-15b3c7c258ff",
          "parentUUID": "8faed034-c9df-4823-b331-6ec510b823b5",
          "isHook": true,
          "skipped": false
        },
        {
          "title": "\"before all\" hook in \"{root}\"",
          "fullTitle": "\"before all\" hook in \"{root}\"",
          "timedOut": false,
          "duration": 0,
          "state": null,
          "speed": null,
          "pass": false,
          "fail": false,
          "pending": false,
          "context": null,
          "code": "config.bypass = true;",
          "err": {},
          "uuid": "1250ed44-560f-4685-9d7d-693d891a9eee",
          "parentUUID": "8faed034-c9df-4823-b331-6ec510b823b5",
          "isHook": true,
          "skipped": false
        }
      ],
      "afterHooks": [],
      "tests": [],
      "suites": [
        {
          "uuid": "e8d4527c-80a5-4bb9-8eab-7239c78377dd",
          "title": "Test Data Validation",
          "fullFile": "D:\\Lab_Itss\\FinalGraduation\\VICbackend\\test\\misc\\DataValidation.test.js",
          "file": "\\test\\misc\\DataValidation.test.js",
          "beforeHooks": [],
          "afterHooks": [],
          "tests": [
            {
              "title": "Should return true",
              "fullTitle": "Test Data Validation Should return true",
              "timedOut": false,
              "duration": 1,
              "state": "passed",
              "speed": "fast",
              "pass": true,
              "fail": false,
              "pending": false,
              "context": null,
              "code": "let obj = {\n  a: 1,\n  b: 3.14,\n  c: \"Hello World\",\n};\nassert.equal(DataValidation.allNotUndefined(obj.a, obj.b, obj.c), true);",
              "err": {},
              "uuid": "9aa37da6-e52a-4e64-8ca8-f087b88a2fdb",
              "parentUUID": "e8d4527c-80a5-4bb9-8eab-7239c78377dd",
              "isHook": false,
              "skipped": false
            },
            {
              "title": "Should return false",
              "fullTitle": "Test Data Validation Should return false",
              "timedOut": false,
              "duration": 0,
              "state": "passed",
              "speed": "fast",
              "pass": true,
              "fail": false,
              "pending": false,
              "context": null,
              "code": "let obj = {\n  a: 1,\n  b: 3.14,\n  c: \"Hello World\",\n};\nassert.equal(\n  DataValidation.allNotUndefined(obj.a, obj.b, obj.c, obj.d),\n  false\n);",
              "err": {},
              "uuid": "82bc2ac6-248f-480c-b598-3937e3c22897",
              "parentUUID": "e8d4527c-80a5-4bb9-8eab-7239c78377dd",
              "isHook": false,
              "skipped": false
            }
          ],
          "suites": [],
          "passes": [
            "9aa37da6-e52a-4e64-8ca8-f087b88a2fdb",
            "82bc2ac6-248f-480c-b598-3937e3c22897"
          ],
          "failures": [],
          "pending": [],
          "skipped": [],
          "duration": 1,
          "root": false,
          "rootEmpty": false,
          "_timeout": 10000
        },
        {
          "uuid": "10e6e9b1-a20a-4817-b5fc-56ed3459c002",
          "title": "bucket.jobs",
          "fullFile": "D:\\Lab_Itss\\FinalGraduation\\VICbackend\\test\\v1\\bucket.jobs.test.js",
          "file": "\\test\\v1\\bucket.jobs.test.js",
          "beforeHooks": [],
          "afterHooks": [],
          "tests": [
            {
              "title": "Download file successful",
              "fullTitle": "bucket.jobs Download file successful",
              "timedOut": false,
              "duration": 2,
              "state": "passed",
              "speed": "fast",
              "pass": true,
              "fail": false,
              "pending": false,
              "context": null,
              "code": "bucket.queue.downloadJob.add({\n  url:\n    \"https://archive.ics.uci.edu/ml/machine-learning-databases/00366/AReM.zip\",\n  bid: \"dummy-bucket-001\",\n  des: \"/dataset.tgz\" + Date.now(),\n});",
              "err": {},
              "uuid": "b156c2a9-67b1-46a1-84e4-65cc49e5d0ce",
              "parentUUID": "10e6e9b1-a20a-4817-b5fc-56ed3459c002",
              "isHook": false,
              "skipped": false
            },
            {
              "title": "Zip successful",
              "fullTitle": "bucket.jobs Zip successful",
              "timedOut": false,
              "duration": 90,
              "state": "passed",
              "speed": "slow",
              "pass": true,
              "fail": false,
              "pending": false,
              "context": null,
              "code": "let job = await bucket.queue.zip.add({\n  dir: \"./test/sim/client/demoFolder\",\n  output: \"./test/sim/server/dummy-bucket-001/a.zip\",\n});\njob.isCompleted().then(() => console.log(\"Completed\"));\nconsole.log(\"Done\");",
              "err": {},
              "uuid": "c60ce4c1-707b-4ccb-8ad1-8524fec91e99",
              "parentUUID": "10e6e9b1-a20a-4817-b5fc-56ed3459c002",
              "isHook": false,
              "skipped": false
            }
          ],
          "suites": [],
          "passes": [
            "b156c2a9-67b1-46a1-84e4-65cc49e5d0ce",
            "c60ce4c1-707b-4ccb-8ad1-8524fec91e99"
          ],
          "failures": [],
          "pending": [],
          "skipped": [],
          "duration": 92,
          "root": false,
          "rootEmpty": false,
          "_timeout": 10000
        },
        {
          "uuid": "39e88f33-17ef-4266-be98-7d9bc88edd15",
          "title": "v1/bucket",
          "fullFile": "D:\\Lab_Itss\\FinalGraduation\\VICbackend\\test\\v1\\bucket.route.test.js",
          "file": "\\test\\v1\\bucket.route.test.js",
          "beforeHooks": [
            {
              "title": "\"before each\" hook in \"v1/bucket\"",
              "fullTitle": "v1/bucket \"before each\" hook in \"v1/bucket\"",
              "timedOut": false,
              "duration": 1278,
              "state": null,
              "speed": null,
              "pass": false,
              "fail": false,
              "pending": false,
              "context": null,
              "code": "// Create dummy project\nawait admin\n  .firestore()\n  .collection(\"projects\")\n  .doc(\"dummy-0001\")\n  .set({\n    name: \"Dummy project\",\n    description: \"This is the description\",\n    ownerId: \"12345\",\n    buckets: [\"dummy-bucket-001\"],\n  });\nawait admin.firestore().collection(\"buckets\").doc(\"dummy-bucket-001\").set({\n  bid: \"dummy-bucket-001\",\n  size: 9999999,\n  remain: 999999,\n});\nconsole.log(\"Created dummy project\");",
              "err": {},
              "uuid": "785419ca-addd-4ac4-a2a3-b5010e0c86c1",
              "parentUUID": "39e88f33-17ef-4266-be98-7d9bc88edd15",
              "isHook": true,
              "skipped": false
            }
          ],
          "afterHooks": [
            {
              "title": "\"after each\" hook for \"POST /v1/bucket/upload Sucessful\"",
              "fullTitle": "v1/bucket \"after each\" hook for \"POST /v1/bucket/upload Sucessful\"",
              "timedOut": false,
              "duration": 1,
              "state": "failed",
              "speed": null,
              "pass": false,
              "fail": true,
              "pending": false,
              "context": null,
              "code": "fs.rmdirSync(config.bucketTemp, { recursive: true });\nfs.rmdirSync(path.join(config.bucketSite, \"dummy-bucket-001\"), {\n  recursive: true,\n});\nrequester.close();\n// Delete dummy project\nawait admin.firestore().collection(\"projects\").doc(\"dummy-0001\").delete();\nawait admin\n  .firestore()\n  .collection(\"buckets\")\n  .doc(\"dummy-bucket-001\")\n  .delete();",
              "err": {
                "message": "Error: ENOENT: no such file or directory, rmdir './test/sim/temp'",
                "estack": "Error: ENOENT: no such file or directory, rmdir './test/sim/temp'\n    at Object.rmdirSync (fs.js:680:3)\n    at Context.<anonymous> (test\\v1\\bucket.route.test.js:58:8)",
                "diff": null
              },
              "uuid": "1b487647-4984-4b95-8afe-3e36ea713478",
              "parentUUID": "39e88f33-17ef-4266-be98-7d9bc88edd15",
              "isHook": true,
              "skipped": false
            }
          ],
          "tests": [
            {
              "title": "POST /v1/bucket/upload Sucessful",
              "fullTitle": "v1/bucket POST /v1/bucket/upload Sucessful",
              "timedOut": false,
              "duration": 11,
              "state": "passed",
              "speed": "fast",
              "pass": true,
              "fail": false,
              "pending": false,
              "context": null,
              "code": "requester\n  .post(\n    \"/v1/bucket/upload?dummyUid=12345&dummyEmail=teo@gmail.com&pid=dummy-0001&bid=dummy-bucket-001&d=/\"\n  )\n  .set(\"Content-Type\", \"application/x-www-form-urlencoded\")\n  .attach(\"file\", \"./test/sim/client/test01.txt\")\n  .end((err, res) => {\n    if (err) {\n      console.log(err);\n    }\n    assert.equal(\n      fs.existsSync(\"./test/sim/server/dummy-bucket-001/test01.txt\"),\n      true\n    );\n  });",
              "err": {},
              "uuid": "eec1a164-aebb-417c-983f-4fc285833327",
              "parentUUID": "39e88f33-17ef-4266-be98-7d9bc88edd15",
              "isHook": false,
              "skipped": false
            }
          ],
          "suites": [],
          "passes": [
            "eec1a164-aebb-417c-983f-4fc285833327"
          ],
          "failures": [],
          "pending": [],
          "skipped": [],
          "duration": 11,
          "root": false,
          "rootEmpty": false,
          "_timeout": 10000
        },
        {
          "uuid": "46c66795-522c-4037-8734-1385af934a20",
          "title": "v1/projects",
          "fullFile": "D:\\Lab_Itss\\FinalGraduation\\VICbackend\\test\\v1\\projects.route.test.js",
          "file": "\\test\\v1\\projects.route.test.js",
          "beforeHooks": [
            {
              "title": "\"before each\" hook in \"v1/projects\"",
              "fullTitle": "v1/projects \"before each\" hook in \"v1/projects\"",
              "timedOut": false,
              "duration": 255,
              "state": null,
              "speed": null,
              "pass": false,
              "fail": false,
              "pending": false,
              "context": null,
              "code": "// Create dummy project\nawait admin.firestore().collection(\"projects\").doc(\"dummy-0001\").set({\n  name: \"Dummy project\",\n  description: \"This is the description\",\n  ownerId: \"12345\",\n});\nconsole.log(\"Created dummy project\");",
              "err": {},
              "uuid": "da053dfe-f92e-46dd-aebf-839eef5c98bf",
              "parentUUID": "46c66795-522c-4037-8734-1385af934a20",
              "isHook": true,
              "skipped": false
            }
          ],
          "afterHooks": [
            {
              "title": "\"after all\" hook in \"v1/projects\"",
              "fullTitle": "v1/projects \"after all\" hook in \"v1/projects\"",
              "timedOut": false,
              "duration": 315,
              "state": null,
              "speed": null,
              "pass": false,
              "fail": false,
              "pending": false,
              "context": null,
              "code": "requester.close();\n// Delete dummy project\nawait admin.firestore().collection(\"projects\").doc(\"dummy-0001\").delete();\nawait admin.firestore().collection(\"projects\").doc(\"PROJECT-01\").delete();\nconsole.log(\"Deleted dummy project\\n\");",
              "err": {},
              "uuid": "e5a7901d-bdad-458c-b742-f08d2d8c6487",
              "parentUUID": "46c66795-522c-4037-8734-1385af934a20",
              "isHook": true,
              "skipped": false
            }
          ],
          "tests": [
            {
              "title": "GET",
              "fullTitle": "v1/projects GET",
              "timedOut": false,
              "duration": 241,
              "state": "passed",
              "speed": "slow",
              "pass": true,
              "fail": false,
              "pending": false,
              "context": null,
              "code": "requester\n  .get(\"/v1/projects\")\n  .set(\"content-type\", \"application/json\")\n  .send({\n    dummy: {\n      uid: \"12345\",\n      email: \"Nguyen Van Teo\",\n    },\n  })\n  .end((err, res) => {\n    const { projects } = res.body;\n    res.should.has.status(200);\n    assert.notEqual(projects.length, 0);\n    console.log(projects);\n    done();\n  });",
              "err": {},
              "uuid": "50844fc7-abcb-4100-8288-85d308669756",
              "parentUUID": "46c66795-522c-4037-8734-1385af934a20",
              "isHook": false,
              "skipped": false
            },
            {
              "title": "POST with error",
              "fullTitle": "v1/projects POST with error",
              "timedOut": false,
              "duration": 4,
              "state": "passed",
              "speed": "fast",
              "pass": true,
              "fail": false,
              "pending": false,
              "context": null,
              "code": "requester\n  .post(\"/v1/projects\")\n  .set(\"content-type\", \"application/json\")\n  .send({\n    dummy: {\n      uid: \"12345\",\n      email: \"Nguyen Van Teo\",\n    },\n    name: \"Project 01\",\n    description: \"Description 01\",\n  })\n  .end((err, res) => {\n    res.should.has.status(404);\n    done();\n  });",
              "err": {},
              "uuid": "e51b9cd9-e344-469e-a6ba-34b8d298ea1f",
              "parentUUID": "46c66795-522c-4037-8734-1385af934a20",
              "isHook": false,
              "skipped": false
            },
            {
              "title": "POST without error",
              "fullTitle": "v1/projects POST without error",
              "timedOut": false,
              "duration": 450,
              "state": "passed",
              "speed": "slow",
              "pass": true,
              "fail": false,
              "pending": false,
              "context": null,
              "code": "requester\n  .post(\"/v1/projects\")\n  .set(\"content-type\", \"application/json\")\n  .send({\n    dummy: {\n      uid: \"12345\",\n      email: \"Nguyen Van Teo\",\n    },\n    id: \"PROJECT-01\",\n    name: \"Project 01\",\n    description: \"Description 01\",\n  })\n  .end((err, res) => {\n    assert.equal(res.status, 201);\n    done();\n  });",
              "err": {},
              "uuid": "153ddfc0-08a8-4c61-bab9-77866438e770",
              "parentUUID": "46c66795-522c-4037-8734-1385af934a20",
              "isHook": false,
              "skipped": false
            },
            {
              "title": "PUT without error",
              "fullTitle": "v1/projects PUT without error",
              "timedOut": false,
              "duration": 535,
              "state": "passed",
              "speed": "slow",
              "pass": true,
              "fail": false,
              "pending": false,
              "context": null,
              "code": "requester\n  .put(\"/v1/projects\")\n  .set(\"content-type\", \"application/json\")\n  .send({\n    dummy: {\n      uid: \"12345\",\n      email: \"Nguyen Van Teo\",\n    },\n    pid: \"dummy-0001\",\n    name: \"Project XXX\",\n    description: \"Description XXX\",\n  })\n  .then(async function (res) {\n    expect(res.status).to.equal(200);\n    let projectDoc = await admin\n      .firestore()\n      .collection(\"projects\")\n      .doc(\"dummy-0001\")\n      .get();\n    let data = projectDoc.data();\n    expect(data).to.has.property(\"name\", \"Project XXX\");\n    done();\n  });",
              "err": {},
              "uuid": "d45650f3-9e76-4f97-949a-30d019c199f8",
              "parentUUID": "46c66795-522c-4037-8734-1385af934a20",
              "isHook": false,
              "skipped": false
            },
            {
              "title": "PUT with error",
              "fullTitle": "v1/projects PUT with error",
              "timedOut": false,
              "duration": 0,
              "state": "passed",
              "speed": "fast",
              "pass": true,
              "fail": false,
              "pending": false,
              "context": null,
              "code": "requester\n  .put(\"/v1/projects\")\n  .set(\"content-type\", \"application/json\")\n  .send({\n    dummy: {\n      uid: \"12345\",\n      email: \"Nguyen Van Teo\",\n    },\n    name: \"Project XXX\",\n    description: \"Description XXX\",\n  })\n  .end((err, res) => {\n    expect(res.status).to.equal(404);\n  });",
              "err": {},
              "uuid": "75ef8a14-a5fe-45ac-b668-e42fae075dfe",
              "parentUUID": "46c66795-522c-4037-8734-1385af934a20",
              "isHook": false,
              "skipped": false
            },
            {
              "title": "DELETE not existed project",
              "fullTitle": "v1/projects DELETE not existed project",
              "timedOut": false,
              "duration": 1,
              "state": "passed",
              "speed": "fast",
              "pass": true,
              "fail": false,
              "pending": false,
              "context": null,
              "code": "requester\n  .delete(\"/v1/projects?pid=PROJECT-XXXXXXXXXX\")\n  .send({\n    dummy: {\n      uid: \"12345\",\n      email: \"Nguyen Van Teo\",\n    },\n  })\n  .end((err, res) => {\n    expect(res.status).to.equal(404);\n  });",
              "err": {},
              "uuid": "e27de80b-b983-4871-abff-e9fd2277dca7",
              "parentUUID": "46c66795-522c-4037-8734-1385af934a20",
              "isHook": false,
              "skipped": false
            },
            {
              "title": "DELETE existed project",
              "fullTitle": "v1/projects DELETE existed project",
              "timedOut": false,
              "duration": 402,
              "state": "passed",
              "speed": "slow",
              "pass": true,
              "fail": false,
              "pending": false,
              "context": null,
              "code": "requester\n  .delete(\"/v1/projects?pid=dummy-0001\")\n  .send({\n    dummy: {\n      uid: \"12345\",\n      email: \"Nguyen Van Teo\",\n    },\n  })\n  .end(async (err, res) => {\n    let doc = await admin\n      .firestore()\n      .collection(\"projects\")\n      .doc(\"dummy-0001\")\n      .get();\n    let d = doc.data();\n    expect((await doc).exists).to.equal(false);\n    done();\n  });",
              "err": {},
              "uuid": "2b19fc8d-bf61-4d24-b1f7-7a4e69d07cdb",
              "parentUUID": "46c66795-522c-4037-8734-1385af934a20",
              "isHook": false,
              "skipped": false
            }
          ],
          "suites": [],
          "passes": [
            "50844fc7-abcb-4100-8288-85d308669756",
            "e51b9cd9-e344-469e-a6ba-34b8d298ea1f",
            "153ddfc0-08a8-4c61-bab9-77866438e770",
            "d45650f3-9e76-4f97-949a-30d019c199f8",
            "75ef8a14-a5fe-45ac-b668-e42fae075dfe",
            "e27de80b-b983-4871-abff-e9fd2277dca7",
            "2b19fc8d-bf61-4d24-b1f7-7a4e69d07cdb"
          ],
          "failures": [],
          "pending": [],
          "skipped": [],
          "duration": 1633,
          "root": false,
          "rootEmpty": false,
          "_timeout": 10000
        }
      ],
      "passes": [],
      "failures": [],
      "pending": [],
      "skipped": [],
      "duration": 0,
      "root": true,
      "rootEmpty": true,
      "_timeout": 10000
    }
  ],
  "meta": {
    "mocha": {
      "version": "8.1.3"
    },
    "mochawesome": {
      "options": {
        "quiet": false,
        "reportFilename": "mochawesome",
        "saveHtml": true,
        "saveJson": true,
        "consoleReporter": "spec",
        "useInlineDiffs": false,
        "code": true
      },
      "version": "6.1.1"
    },
    "marge": {
      "options": null,
      "version": "5.1.0"
    }
  }
}