{
  "stats": {
    "suites": 3,
    "tests": 3,
    "passes": 3,
    "pending": 0,
    "failures": 0,
    "start": "2020-09-22T11:24:33.594Z",
    "end": "2020-09-22T11:24:34.793Z",
    "duration": 1199,
    "testsRegistered": 10,
    "passPercent": 30,
    "pendingPercent": 0,
    "other": 2,
    "hasOther": true,
    "skipped": 7,
    "hasSkipped": true
  },
  "results": [
    {
      "uuid": "ac1e842d-4387-4b74-a8ad-51448b75126a",
      "title": "",
      "fullFile": "",
      "file": "",
      "beforeHooks": [
        {
          "title": "\"before all\" hook in \"{root}\"",
          "fullTitle": "\"before all\" hook in \"{root}\"",
          "timedOut": false,
          "duration": 0,
          "state": null,
          "speed": null,
          "pass": false,
          "fail": false,
          "pending": false,
          "context": null,
          "code": "config.bypass = true;\nconfig.bucketTemp = \"./test/sim/temp\";\nconfig.bucketSite = \"./test/sim/server\";",
          "err": {},
          "uuid": "e8f0f517-bcea-44d4-a1e2-8c29a1ed6bc6",
          "parentUUID": "ac1e842d-4387-4b74-a8ad-51448b75126a",
          "isHook": true,
          "skipped": false
        },
        {
          "title": "\"before all\" hook in \"{root}\"",
          "fullTitle": "\"before all\" hook in \"{root}\"",
          "timedOut": false,
          "duration": 0,
          "state": null,
          "speed": null,
          "pass": false,
          "fail": false,
          "pending": false,
          "context": null,
          "code": "config.bypass = true;",
          "err": {},
          "uuid": "4213e2ff-c2e4-431b-8969-e015ba7eb75e",
          "parentUUID": "ac1e842d-4387-4b74-a8ad-51448b75126a",
          "isHook": true,
          "skipped": false
        }
      ],
      "afterHooks": [],
      "tests": [],
      "suites": [
        {
          "uuid": "cba522aa-1513-4a0c-9143-c1ca37eeab1a",
          "title": "Test Data Validation",
          "fullFile": "D:\\Repos\\VideoIntelligence\\Core\\test\\misc\\DataValidation.test.js",
          "file": "\\test\\misc\\DataValidation.test.js",
          "beforeHooks": [],
          "afterHooks": [],
          "tests": [
            {
              "title": "Should return true",
              "fullTitle": "Test Data Validation Should return true",
              "timedOut": false,
              "duration": 0,
              "state": "passed",
              "speed": "fast",
              "pass": true,
              "fail": false,
              "pending": false,
              "context": null,
              "code": "let obj = {\n  a: 1,\n  b: 3.14,\n  c: \"Hello World\",\n};\nassert.equal(DataValidation.allNotUndefined(obj.a, obj.b, obj.c), true);",
              "err": {},
              "uuid": "e514c09e-65ef-42e7-b95b-50fb89a5496c",
              "parentUUID": "cba522aa-1513-4a0c-9143-c1ca37eeab1a",
              "isHook": false,
              "skipped": false
            },
            {
              "title": "Should return false",
              "fullTitle": "Test Data Validation Should return false",
              "timedOut": false,
              "duration": 0,
              "state": "passed",
              "speed": "fast",
              "pass": true,
              "fail": false,
              "pending": false,
              "context": null,
              "code": "let obj = {\n  a: 1,\n  b: 3.14,\n  c: \"Hello World\",\n};\nassert.equal(\n  DataValidation.allNotUndefined(obj.a, obj.b, obj.c, obj.d),\n  false\n);",
              "err": {},
              "uuid": "b5deedbe-7632-4d5f-9ba0-cea8305d02fd",
              "parentUUID": "cba522aa-1513-4a0c-9143-c1ca37eeab1a",
              "isHook": false,
              "skipped": false
            }
          ],
          "suites": [],
          "passes": [
            "e514c09e-65ef-42e7-b95b-50fb89a5496c",
            "b5deedbe-7632-4d5f-9ba0-cea8305d02fd"
          ],
          "failures": [],
          "pending": [],
          "skipped": [],
          "duration": 0,
          "root": false,
          "rootEmpty": false,
          "_timeout": 10000
        },
        {
          "uuid": "fc944baa-83c7-4528-a26f-df5686200491",
          "title": "/v1/bucket",
          "fullFile": "D:\\Repos\\VideoIntelligence\\Core\\test\\v1\\bucket.route.test.js",
          "file": "\\test\\v1\\bucket.route.test.js",
          "beforeHooks": [
            {
              "title": "\"before each\" hook in \"/v1/bucket\"",
              "fullTitle": "/v1/bucket \"before each\" hook in \"/v1/bucket\"",
              "timedOut": false,
              "duration": 725,
              "state": null,
              "speed": null,
              "pass": false,
              "fail": false,
              "pending": false,
              "context": null,
              "code": "// Create dummy project\nawait admin\n  .firestore()\n  .collection(\"projects\")\n  .doc(\"dummy-0001\")\n  .set({\n    name: \"Dummy project\",\n    description: \"This is the description\",\n    ownerId: \"12345\",\n    buckets: [\"dummy-bucket-001\"],\n  });\nawait admin.firestore().collection(\"buckets\").doc(\"dummy-bucket-001\").set({\n  bid: \"dummy-bucket-001\",\n  size: 9999999,\n  remain: 999999,\n});\nconsole.log(\"Created dummy project\");",
              "err": {},
              "uuid": "95900245-2f00-42fd-b2f8-a45d17b21795",
              "parentUUID": "fc944baa-83c7-4528-a26f-df5686200491",
              "isHook": true,
              "skipped": false
            }
          ],
          "afterHooks": [],
          "tests": [
            {
              "title": "/v1/bucket/upload Sucessful",
              "fullTitle": "/v1/bucket /v1/bucket/upload Sucessful",
              "timedOut": false,
              "duration": 5,
              "state": "passed",
              "speed": "fast",
              "pass": true,
              "fail": false,
              "pending": false,
              "context": null,
              "code": "requester\n  .post(\n    \"/v1/bucket/upload?dummyUid=12345&dummyEmail=teo@gmail.com&pid=dummy-0001&bid=dummy-bucket-001&d=/\"\n  )\n  .set(\"Content-Type\", \"application/x-www-form-urlencoded\")\n  .attach(\"file\", \"./test/sim/client/test01.txt\")\n  .end((err, res) => {\n    if (err) {\n      console.log(err);\n    }\n    assert.equal(fs.existsSync(\"./test/sim/server/test01.txt\"), true);\n  });",
              "err": {},
              "uuid": "989b44b1-3dd3-42bd-8880-bd32e77359b1",
              "parentUUID": "fc944baa-83c7-4528-a26f-df5686200491",
              "isHook": false,
              "skipped": false
            }
          ],
          "suites": [],
          "passes": [
            "989b44b1-3dd3-42bd-8880-bd32e77359b1"
          ],
          "failures": [],
          "pending": [],
          "skipped": [],
          "duration": 5,
          "root": false,
          "rootEmpty": false,
          "_timeout": 10000
        },
        {
          "uuid": "e16a02fe-84be-44f5-a486-8797462c9742",
          "title": "v1/projects",
          "fullFile": "D:\\Repos\\VideoIntelligence\\Core\\test\\v1\\projects.route.test.js",
          "file": "\\test\\v1\\projects.route.test.js",
          "beforeHooks": [
            {
              "title": "\"before each\" hook for \"GET\"",
              "fullTitle": "v1/projects \"before each\" hook for \"GET\"",
              "timedOut": false,
              "duration": 9,
              "state": "failed",
              "speed": null,
              "pass": false,
              "fail": true,
              "pending": false,
              "context": null,
              "code": "// Create dummy project\nawait admin.firestore().collection(\"projects\").doc(\"dummy-0001\").set({\n  name: \"Dummy project\",\n  description: \"This is the description\",\n  ownerId: \"12345\",\n});\nconsole.log(\"Created dummy project\");",
              "err": {
                "message": "AssertionError: expected false to equal true",
                "estack": "AssertionError: expected false to equal true\n    at D:\\Repos\\VideoIntelligence\\Core\\test\\v1\\bucket.route.test.js:51:16\n    at Test.Request.callback (node_modules\\superagent\\lib\\node\\index.js:716:12)\n    at D:\\Repos\\VideoIntelligence\\Core\\node_modules\\superagent\\lib\\node\\index.js:916:18\n    at IncomingMessage.<anonymous> (node_modules\\superagent\\lib\\node\\parsers\\json.js:19:7)\n    at endReadableNT (_stream_readable.js:1204:12)\n    at processTicksAndRejections (internal/process/task_queues.js:84:21)",
                "diff": "- false\n+ true\n"
              },
              "uuid": "404c68d9-6f48-4e2c-8c28-027f2de27277",
              "parentUUID": "e16a02fe-84be-44f5-a486-8797462c9742",
              "isHook": true,
              "skipped": false
            }
          ],
          "afterHooks": [
            {
              "title": "\"after all\" hook in \"v1/projects\"",
              "fullTitle": "v1/projects \"after all\" hook in \"v1/projects\"",
              "timedOut": false,
              "duration": 374,
              "state": null,
              "speed": null,
              "pass": false,
              "fail": false,
              "pending": false,
              "context": null,
              "code": "requester.close();\n// Delete dummy project\nawait admin.firestore().collection(\"projects\").doc(\"dummy-0001\").delete();\nawait admin.firestore().collection(\"projects\").doc(\"PROJECT-01\").delete();\nconsole.log(\"Deleted dummy project\\n\");",
              "err": {},
              "uuid": "97e24e01-f89d-45c0-b2b7-2426b29bc9ba",
              "parentUUID": "e16a02fe-84be-44f5-a486-8797462c9742",
              "isHook": true,
              "skipped": false
            }
          ],
          "tests": [
            {
              "title": "GET",
              "fullTitle": "v1/projects GET",
              "timedOut": false,
              "duration": 0,
              "state": null,
              "speed": null,
              "pass": false,
              "fail": false,
              "pending": false,
              "context": null,
              "code": "requester\n  .get(\"/v1/projects\")\n  .set(\"content-type\", \"application/json\")\n  .send({\n    dummy: {\n      uid: \"12345\",\n      email: \"Nguyen Van Teo\",\n    },\n  })\n  .end((err, res) => {\n    const { projects } = res.body;\n    res.should.has.status(200);\n    assert.notEqual(projects.length, 0);\n    console.log(projects);\n    done();\n  });",
              "err": {},
              "uuid": "f8a915f8-5f63-4e67-af07-85de1af596a1",
              "parentUUID": "e16a02fe-84be-44f5-a486-8797462c9742",
              "isHook": false,
              "skipped": true
            },
            {
              "title": "POST with error",
              "fullTitle": "v1/projects POST with error",
              "timedOut": false,
              "duration": 0,
              "state": null,
              "speed": null,
              "pass": false,
              "fail": false,
              "pending": false,
              "context": null,
              "code": "requester\n  .post(\"/v1/projects\")\n  .set(\"content-type\", \"application/json\")\n  .send({\n    dummy: {\n      uid: \"12345\",\n      email: \"Nguyen Van Teo\",\n    },\n    name: \"Project 01\",\n    description: \"Description 01\",\n  })\n  .end((err, res) => {\n    res.should.has.status(404);\n    done();\n  });",
              "err": {},
              "uuid": "fc1e020c-0eb8-46dd-a4cb-cc49f791baaf",
              "parentUUID": "e16a02fe-84be-44f5-a486-8797462c9742",
              "isHook": false,
              "skipped": true
            },
            {
              "title": "POST without error",
              "fullTitle": "v1/projects POST without error",
              "timedOut": false,
              "duration": 0,
              "state": null,
              "speed": null,
              "pass": false,
              "fail": false,
              "pending": false,
              "context": null,
              "code": "requester\n  .post(\"/v1/projects\")\n  .set(\"content-type\", \"application/json\")\n  .send({\n    dummy: {\n      uid: \"12345\",\n      email: \"Nguyen Van Teo\",\n    },\n    id: \"PROJECT-01\",\n    name: \"Project 01\",\n    description: \"Description 01\",\n  })\n  .end((err, res) => {\n    assert.equal(res.status, 201);\n    done();\n  });",
              "err": {},
              "uuid": "e88cffaf-be7a-4e94-b590-10f9bcad06c4",
              "parentUUID": "e16a02fe-84be-44f5-a486-8797462c9742",
              "isHook": false,
              "skipped": true
            },
            {
              "title": "PUT without error",
              "fullTitle": "v1/projects PUT without error",
              "timedOut": false,
              "duration": 0,
              "state": null,
              "speed": null,
              "pass": false,
              "fail": false,
              "pending": false,
              "context": null,
              "code": "requester\n  .put(\"/v1/projects\")\n  .set(\"content-type\", \"application/json\")\n  .send({\n    dummy: {\n      uid: \"12345\",\n      email: \"Nguyen Van Teo\",\n    },\n    pid: \"dummy-0001\",\n    name: \"Project XXX\",\n    description: \"Description XXX\",\n  })\n  .then(async function (res) {\n    expect(res.status).to.equal(200);\n    let projectDoc = await admin\n      .firestore()\n      .collection(\"projects\")\n      .doc(\"dummy-0001\")\n      .get();\n    let data = projectDoc.data();\n    expect(data).to.has.property(\"name\", \"Project XXX\");\n    done();\n  });",
              "err": {},
              "uuid": "cef31098-c2b2-4cac-b316-8808fb625ac3",
              "parentUUID": "e16a02fe-84be-44f5-a486-8797462c9742",
              "isHook": false,
              "skipped": true
            },
            {
              "title": "PUT with error",
              "fullTitle": "v1/projects PUT with error",
              "timedOut": false,
              "duration": 0,
              "state": null,
              "speed": null,
              "pass": false,
              "fail": false,
              "pending": false,
              "context": null,
              "code": "requester\n  .put(\"/v1/projects\")\n  .set(\"content-type\", \"application/json\")\n  .send({\n    dummy: {\n      uid: \"12345\",\n      email: \"Nguyen Van Teo\",\n    },\n    name: \"Project XXX\",\n    description: \"Description XXX\",\n  })\n  .end((err, res) => {\n    expect(res.status).to.equal(404);\n  });",
              "err": {},
              "uuid": "72ca6144-288f-4b9c-b8a4-935bc6bb9fd2",
              "parentUUID": "e16a02fe-84be-44f5-a486-8797462c9742",
              "isHook": false,
              "skipped": true
            },
            {
              "title": "DELETE not existed project",
              "fullTitle": "v1/projects DELETE not existed project",
              "timedOut": false,
              "duration": 0,
              "state": null,
              "speed": null,
              "pass": false,
              "fail": false,
              "pending": false,
              "context": null,
              "code": "requester\n  .delete(\"/v1/projects?pid=PROJECT-XXXXXXXXXX\")\n  .send({\n    dummy: {\n      uid: \"12345\",\n      email: \"Nguyen Van Teo\",\n    },\n  })\n  .end((err, res) => {\n    expect(res.status).to.equal(404);\n  });",
              "err": {},
              "uuid": "c5307f68-9bef-400b-9e68-eca710e6cc00",
              "parentUUID": "e16a02fe-84be-44f5-a486-8797462c9742",
              "isHook": false,
              "skipped": true
            },
            {
              "title": "DELETE existed project",
              "fullTitle": "v1/projects DELETE existed project",
              "timedOut": false,
              "duration": 0,
              "state": null,
              "speed": null,
              "pass": false,
              "fail": false,
              "pending": false,
              "context": null,
              "code": "requester\n  .delete(\"/v1/projects?pid=dummy-0001\")\n  .send({\n    dummy: {\n      uid: \"12345\",\n      email: \"Nguyen Van Teo\",\n    },\n  })\n  .end(async (err, res) => {\n    let doc = await admin\n      .firestore()\n      .collection(\"projects\")\n      .doc(\"dummy-0001\")\n      .get();\n    let d = doc.data();\n    expect((await doc).exists).to.equal(false);\n    done();\n  });",
              "err": {},
              "uuid": "bfdfca69-b4ae-429f-b7fb-2059f670bd27",
              "parentUUID": "e16a02fe-84be-44f5-a486-8797462c9742",
              "isHook": false,
              "skipped": true
            }
          ],
          "suites": [],
          "passes": [],
          "failures": [],
          "pending": [],
          "skipped": [
            "f8a915f8-5f63-4e67-af07-85de1af596a1",
            "fc1e020c-0eb8-46dd-a4cb-cc49f791baaf",
            "e88cffaf-be7a-4e94-b590-10f9bcad06c4",
            "cef31098-c2b2-4cac-b316-8808fb625ac3",
            "72ca6144-288f-4b9c-b8a4-935bc6bb9fd2",
            "c5307f68-9bef-400b-9e68-eca710e6cc00",
            "bfdfca69-b4ae-429f-b7fb-2059f670bd27"
          ],
          "duration": 0,
          "root": false,
          "rootEmpty": false,
          "_timeout": 10000
        }
      ],
      "passes": [],
      "failures": [],
      "pending": [],
      "skipped": [],
      "duration": 0,
      "root": true,
      "rootEmpty": true,
      "_timeout": 10000
    }
  ],
  "meta": {
    "mocha": {
      "version": "8.1.3"
    },
    "mochawesome": {
      "options": {
        "quiet": false,
        "reportFilename": "mochawesome",
        "saveHtml": true,
        "saveJson": true,
        "consoleReporter": "spec",
        "useInlineDiffs": false,
        "code": true
      },
      "version": "6.1.1"
    },
    "marge": {
      "options": null,
      "version": "5.1.0"
    }
  }
}