{
  "stats": {
    "suites": 2,
    "tests": 7,
    "passes": 7,
    "pending": 0,
    "failures": 0,
    "start": "2020-09-18T05:37:15.289Z",
    "end": "2020-09-18T05:37:17.218Z",
    "duration": 1929,
    "testsRegistered": 7,
    "passPercent": 100,
    "pendingPercent": 0,
    "other": 0,
    "hasOther": false,
    "skipped": 0,
    "hasSkipped": false
  },
  "results": [
    {
      "uuid": "3e318517-c474-4b96-8e5f-059d8c812b63",
      "title": "",
      "fullFile": "",
      "file": "",
      "beforeHooks": [
        {
          "title": "\"before all\" hook in \"{root}\"",
          "fullTitle": "\"before all\" hook in \"{root}\"",
          "timedOut": false,
          "duration": 0,
          "state": null,
          "speed": null,
          "pass": false,
          "fail": false,
          "pending": false,
          "context": null,
          "code": "config.bypass = true;",
          "err": {},
          "uuid": "404ee461-415d-4be9-941a-3112b0c1d52a",
          "parentUUID": "3e318517-c474-4b96-8e5f-059d8c812b63",
          "isHook": true,
          "skipped": false
        }
      ],
      "afterHooks": [],
      "tests": [],
      "suites": [
        {
          "uuid": "70c4ac9b-8135-4cf6-84df-ae57dba376fd",
          "title": "Test Data Validation",
          "fullFile": "D:\\Repos\\VideoIntelligence\\Core\\test\\misc\\DataValidation.test.js",
          "file": "\\test\\misc\\DataValidation.test.js",
          "beforeHooks": [],
          "afterHooks": [],
          "tests": [
            {
              "title": "Should return true",
              "fullTitle": "Test Data Validation Should return true",
              "timedOut": false,
              "duration": 0,
              "state": "passed",
              "speed": "fast",
              "pass": true,
              "fail": false,
              "pending": false,
              "context": null,
              "code": "let obj = {\n  a: 1,\n  b: 3.14,\n  c: \"Hello World\",\n};\nassert.equal(DataValidation.allNotUndefined(obj.a, obj.b, obj.c), true);",
              "err": {},
              "uuid": "efea5cb3-0ef3-4419-b67c-5b8b5f58962d",
              "parentUUID": "70c4ac9b-8135-4cf6-84df-ae57dba376fd",
              "isHook": false,
              "skipped": false
            },
            {
              "title": "Should return false",
              "fullTitle": "Test Data Validation Should return false",
              "timedOut": false,
              "duration": 0,
              "state": "passed",
              "speed": "fast",
              "pass": true,
              "fail": false,
              "pending": false,
              "context": null,
              "code": "let obj = {\n  a: 1,\n  b: 3.14,\n  c: \"Hello World\",\n};\nassert.equal(\n  DataValidation.allNotUndefined(obj.a, obj.b, obj.c, obj.d),\n  false\n);",
              "err": {},
              "uuid": "43d29d03-157b-4183-bc45-d294991d2a5d",
              "parentUUID": "70c4ac9b-8135-4cf6-84df-ae57dba376fd",
              "isHook": false,
              "skipped": false
            }
          ],
          "suites": [],
          "passes": [
            "efea5cb3-0ef3-4419-b67c-5b8b5f58962d",
            "43d29d03-157b-4183-bc45-d294991d2a5d"
          ],
          "failures": [],
          "pending": [],
          "skipped": [],
          "duration": 0,
          "root": false,
          "rootEmpty": false,
          "_timeout": 10000
        },
        {
          "uuid": "3b55db9e-f8bc-407c-905b-2e6180499aa3",
          "title": "v1/projects",
          "fullFile": "D:\\Repos\\VideoIntelligence\\Core\\test\\v1\\projects.route.test.js",
          "file": "\\test\\v1\\projects.route.test.js",
          "beforeHooks": [
            {
              "title": "\"before all\" hook in \"v1/projects\"",
              "fullTitle": "v1/projects \"before all\" hook in \"v1/projects\"",
              "timedOut": false,
              "duration": 957,
              "state": null,
              "speed": null,
              "pass": false,
              "fail": false,
              "pending": false,
              "context": null,
              "code": "// Create dummy project\nawait admin.firestore().collection(\"projects\").doc(\"dummy-0001\").set({\n  name: \"Dummy project\",\n  description: \"This is the description\",\n  ownerId: \"12345\",\n});\nconsole.log(\"Created dummy project\");",
              "err": {},
              "uuid": "b239ac15-a8e5-4e16-9cb2-5f3ece85c9a9",
              "parentUUID": "3b55db9e-f8bc-407c-905b-2e6180499aa3",
              "isHook": true,
              "skipped": false
            }
          ],
          "afterHooks": [
            {
              "title": "\"after all\" hook in \"v1/projects\"",
              "fullTitle": "v1/projects \"after all\" hook in \"v1/projects\"",
              "timedOut": false,
              "duration": 389,
              "state": null,
              "speed": null,
              "pass": false,
              "fail": false,
              "pending": false,
              "context": null,
              "code": "requester.close();\n// Delete dummy project\nawait admin.firestore().collection(\"projects\").doc(\"dummy-0001\").delete();\nawait admin.firestore().collection(\"projects\").doc(\"PROJECT-01\").delete();\nconsole.log(\"Deleted dummy project\\n\");",
              "err": {},
              "uuid": "63621ec8-e368-409e-8171-cdb3d9895adc",
              "parentUUID": "3b55db9e-f8bc-407c-905b-2e6180499aa3",
              "isHook": true,
              "skipped": false
            }
          ],
          "tests": [
            {
              "title": "GET",
              "fullTitle": "v1/projects GET",
              "timedOut": false,
              "duration": 211,
              "state": "passed",
              "speed": "slow",
              "pass": true,
              "fail": false,
              "pending": false,
              "context": null,
              "code": "requester\n  .get(\"/v1/projects\")\n  .set(\"content-type\", \"application/json\")\n  .send({\n    dummy: {\n      uid: \"12345\",\n      email: \"Nguyen Van Teo\",\n    },\n  })\n  .end((err, res) => {\n    const { projects } = res.body;\n    res.should.has.status(200);\n    assert.notEqual(projects.length, 0);\n    console.log(projects);\n    done();\n  });",
              "err": {},
              "uuid": "b3b1035a-0d19-41b2-b3d7-21bb85e472d7",
              "parentUUID": "3b55db9e-f8bc-407c-905b-2e6180499aa3",
              "isHook": false,
              "skipped": false
            },
            {
              "title": "POST with error",
              "fullTitle": "v1/projects POST with error",
              "timedOut": false,
              "duration": 3,
              "state": "passed",
              "speed": "fast",
              "pass": true,
              "fail": false,
              "pending": false,
              "context": null,
              "code": "requester\n  .post(\"/v1/projects\")\n  .set(\"content-type\", \"application/json\")\n  .send({\n    dummy: {\n      uid: \"12345\",\n      email: \"Nguyen Van Teo\",\n    },\n    name: \"Project 01\",\n    description: \"Description 01\",\n  })\n  .end((err, res) => {\n    res.should.has.status(404);\n    done();\n  });",
              "err": {},
              "uuid": "9d564324-118c-4344-a07c-d1e82b7bad5d",
              "parentUUID": "3b55db9e-f8bc-407c-905b-2e6180499aa3",
              "isHook": false,
              "skipped": false
            },
            {
              "title": "POST without error",
              "fullTitle": "v1/projects POST without error",
              "timedOut": false,
              "duration": 334,
              "state": "passed",
              "speed": "slow",
              "pass": true,
              "fail": false,
              "pending": false,
              "context": null,
              "code": "requester\n  .post(\"/v1/projects\")\n  .set(\"content-type\", \"application/json\")\n  .send({\n    dummy: {\n      uid: \"12345\",\n      email: \"Nguyen Van Teo\",\n    },\n    id: \"PROJECT-01\",\n    name: \"Project 01\",\n    description: \"Description 01\",\n  })\n  .end((err, res) => {\n    assert.equal(res.status, 201);\n    done();\n  });",
              "err": {},
              "uuid": "424640df-c3c2-49b5-b2ea-ab30762734a7",
              "parentUUID": "3b55db9e-f8bc-407c-905b-2e6180499aa3",
              "isHook": false,
              "skipped": false
            },
            {
              "title": "PUT without error",
              "fullTitle": "v1/projects PUT without error",
              "timedOut": false,
              "duration": 0,
              "state": "passed",
              "speed": "fast",
              "pass": true,
              "fail": false,
              "pending": false,
              "context": null,
              "code": "requester\n  .put(\"/v1/projects\")\n  .set(\"content-type\", \"application/json\")\n  .send({\n    dummy: {\n      uid: \"12345\",\n      email: \"Nguyen Van Teo\",\n    },\n    pid: \"dummy-0001\",\n    name: \"Project XXX\",\n    description: \"Description XXX\",\n  })\n  .then(async function (res) {\n    assert.equal(res.status, 200);\n    let projectDoc = await admin\n      .firestore()\n      .collection(\"projects\")\n      .doc(\"dummy-0001\")\n      .get();\n    let data = projectDoc.data();\n    expect(data).to.has.property(\"name\", \"Project XXX\");\n  });",
              "err": {},
              "uuid": "f20ded76-d951-4ce1-98a2-78303f68d1e5",
              "parentUUID": "3b55db9e-f8bc-407c-905b-2e6180499aa3",
              "isHook": false,
              "skipped": false
            },
            {
              "title": "PUT with error",
              "fullTitle": "v1/projects PUT with error",
              "timedOut": false,
              "duration": 1,
              "state": "passed",
              "speed": "fast",
              "pass": true,
              "fail": false,
              "pending": false,
              "context": null,
              "code": "requester\n  .put(\"/v1/projects\")\n  .set(\"content-type\", \"application/json\")\n  .send({\n    dummy: {\n      uid: \"12345\",\n      email: \"Nguyen Van Teo\",\n    },\n    name: \"Project XXX\",\n    description: \"Description XXX\",\n  })\n  .end((err, res) => {\n    expect(res.status).to.equal(404);\n  });",
              "err": {},
              "uuid": "fc2b61a9-84f1-4db5-bcc1-6530956a9830",
              "parentUUID": "3b55db9e-f8bc-407c-905b-2e6180499aa3",
              "isHook": false,
              "skipped": false
            }
          ],
          "suites": [],
          "passes": [
            "b3b1035a-0d19-41b2-b3d7-21bb85e472d7",
            "9d564324-118c-4344-a07c-d1e82b7bad5d",
            "424640df-c3c2-49b5-b2ea-ab30762734a7",
            "f20ded76-d951-4ce1-98a2-78303f68d1e5",
            "fc2b61a9-84f1-4db5-bcc1-6530956a9830"
          ],
          "failures": [],
          "pending": [],
          "skipped": [],
          "duration": 549,
          "root": false,
          "rootEmpty": false,
          "_timeout": 10000
        }
      ],
      "passes": [],
      "failures": [],
      "pending": [],
      "skipped": [],
      "duration": 0,
      "root": true,
      "rootEmpty": true,
      "_timeout": 10000
    }
  ],
  "meta": {
    "mocha": {
      "version": "8.1.3"
    },
    "mochawesome": {
      "options": {
        "quiet": false,
        "reportFilename": "mochawesome",
        "saveHtml": true,
        "saveJson": true,
        "consoleReporter": "spec",
        "useInlineDiffs": false,
        "code": true
      },
      "version": "6.1.1"
    },
    "marge": {
      "options": null,
      "version": "5.1.0"
    }
  }
}