{
  "stats": {
    "suites": 2,
    "tests": 3,
    "passes": 3,
    "pending": 0,
    "failures": 0,
    "start": "2020-09-17T06:19:27.283Z",
    "end": "2020-09-17T06:19:28.259Z",
    "duration": 976,
    "testsRegistered": 3,
    "passPercent": 100,
    "pendingPercent": 0,
    "other": 0,
    "hasOther": false,
    "skipped": 0,
    "hasSkipped": false
  },
  "results": [
    {
      "uuid": "aaf38b47-8849-4674-842d-ece539ad40bd",
      "title": "",
      "fullFile": "",
      "file": "",
      "beforeHooks": [
        {
          "title": "\"before all\" hook in \"{root}\"",
          "fullTitle": "\"before all\" hook in \"{root}\"",
          "timedOut": false,
          "duration": 1,
          "state": null,
          "speed": null,
          "pass": false,
          "fail": false,
          "pending": false,
          "context": null,
          "code": "config.bypass = true;",
          "err": {},
          "uuid": "bba9f4f7-f1b7-44cd-91a0-37bbe462beac",
          "parentUUID": "aaf38b47-8849-4674-842d-ece539ad40bd",
          "isHook": true,
          "skipped": false
        }
      ],
      "afterHooks": [],
      "tests": [],
      "suites": [
        {
          "uuid": "5b87399c-e818-4bc0-841d-6936d6fdebc0",
          "title": "Test Data Validation",
          "fullFile": "D:\\Lab_Itss\\FinalGraduation\\VICbackend\\test\\misc\\DataValidation.test.js",
          "file": "\\test\\misc\\DataValidation.test.js",
          "beforeHooks": [],
          "afterHooks": [],
          "tests": [
            {
              "title": "Should return true",
              "fullTitle": "Test Data Validation Should return true",
              "timedOut": false,
              "duration": 1,
              "state": "passed",
              "speed": "fast",
              "pass": true,
              "fail": false,
              "pending": false,
              "context": null,
              "code": "let obj = {\n  a: 1,\n  b: 3.14,\n  c: \"Hello World\",\n};\nassert.equal(DataValidation.allNotUndefined(obj.a, obj.b, obj.c), true);",
              "err": {},
              "uuid": "e9d754f5-4459-4d67-8655-a097a9d7c26e",
              "parentUUID": "5b87399c-e818-4bc0-841d-6936d6fdebc0",
              "isHook": false,
              "skipped": false
            },
            {
              "title": "Should return false",
              "fullTitle": "Test Data Validation Should return false",
              "timedOut": false,
              "duration": 0,
              "state": "passed",
              "speed": "fast",
              "pass": true,
              "fail": false,
              "pending": false,
              "context": null,
              "code": "let obj = {\n  a: 1,\n  b: 3.14,\n  c: \"Hello World\",\n};\nassert.equal(\n  DataValidation.allNotUndefined(obj.a, obj.b, obj.c, obj.d),\n  false\n);",
              "err": {},
              "uuid": "327bd3e7-8111-4982-ac59-fb4f853a970c",
              "parentUUID": "5b87399c-e818-4bc0-841d-6936d6fdebc0",
              "isHook": false,
              "skipped": false
            }
          ],
          "suites": [],
          "passes": [
            "e9d754f5-4459-4d67-8655-a097a9d7c26e",
            "327bd3e7-8111-4982-ac59-fb4f853a970c"
          ],
          "failures": [],
          "pending": [],
          "skipped": [],
          "duration": 1,
          "root": false,
          "rootEmpty": false,
          "_timeout": 2000
        },
        {
          "uuid": "df71d941-7821-45d2-aac6-73c449b877c5",
          "title": "v1/projects",
          "fullFile": "D:\\Lab_Itss\\FinalGraduation\\VICbackend\\test\\v1\\projects.route.test.js",
          "file": "\\test\\v1\\projects.route.test.js",
          "beforeHooks": [
            {
              "title": "\"before each\" hook in \"v1/projects\"",
              "fullTitle": "v1/projects \"before each\" hook in \"v1/projects\"",
              "timedOut": false,
              "duration": 785,
              "state": null,
              "speed": null,
              "pass": false,
              "fail": false,
              "pending": false,
              "context": null,
              "code": "// Create dummy project\nawait admin.firestore().collection(\"projects\").doc(\"dummy-0001\").set({\n  name: \"Dummy project\",\n  description: \"This is the description\",\n  ownerId: \"12345\",\n});\nconsole.log(\"Created dummy project\");",
              "err": {},
              "uuid": "855e374e-e6df-47ca-9805-616cf145dab2",
              "parentUUID": "df71d941-7821-45d2-aac6-73c449b877c5",
              "isHook": true,
              "skipped": false
            }
          ],
          "afterHooks": [
            {
              "title": "\"after each\" hook in \"v1/projects\"",
              "fullTitle": "v1/projects \"after each\" hook in \"v1/projects\"",
              "timedOut": false,
              "duration": 127,
              "state": null,
              "speed": null,
              "pass": false,
              "fail": false,
              "pending": false,
              "context": null,
              "code": "// Delete dummy project\nawait admin.firestore().collection(\"projects\").doc(\"dummy-0001\").delete();\nconsole.log(\"Deleted dummy project\");",
              "err": {},
              "uuid": "5d1e9c42-1145-4939-b108-a161fb5ef171",
              "parentUUID": "df71d941-7821-45d2-aac6-73c449b877c5",
              "isHook": true,
              "skipped": false
            }
          ],
          "tests": [
            {
              "title": "GET",
              "fullTitle": "v1/projects GET",
              "timedOut": false,
              "duration": 6,
              "state": "passed",
              "speed": "fast",
              "pass": true,
              "fail": false,
              "pending": false,
              "context": null,
              "code": "chai\n  .request(server)\n  .get(\"/v1/projects\")\n  .set(\"content-type\", \"application/json\")\n  .send({\n    dummy: {\n      uid: \"12345\",\n      email: \"Nguyen Van Teo\",\n    },\n  })\n  .end((err, res) => {\n    const { projects } = res.body;\n    res.should.has.status(200);\n    assert.equal(projects.length, 1);\n    console.log(projects);\n  });",
              "err": {},
              "uuid": "283e0668-552b-4fc2-8360-a0f043e3db9d",
              "parentUUID": "df71d941-7821-45d2-aac6-73c449b877c5",
              "isHook": false,
              "skipped": false
            }
          ],
          "suites": [],
          "passes": [
            "283e0668-552b-4fc2-8360-a0f043e3db9d"
          ],
          "failures": [],
          "pending": [],
          "skipped": [],
          "duration": 6,
          "root": false,
          "rootEmpty": false,
          "_timeout": 2000
        }
      ],
      "passes": [],
      "failures": [],
      "pending": [],
      "skipped": [],
      "duration": 0,
      "root": true,
      "rootEmpty": true,
      "_timeout": 2000
    }
  ],
  "meta": {
    "mocha": {
      "version": "8.1.3"
    },
    "mochawesome": {
      "options": {
        "quiet": false,
        "reportFilename": "mochawesome",
        "saveHtml": true,
        "saveJson": true,
        "consoleReporter": "spec",
        "useInlineDiffs": false,
        "code": true
      },
      "version": "6.1.1"
    },
    "marge": {
      "options": null,
      "version": "5.1.0"
    }
  }
}