{"D:\\Repos\\VideoIntelligence\\Core\\src\\app.js": {"path":"D:\\Repos\\VideoIntelligence\\Core\\src\\app.js","statementMap":{"0":{"start":{"line":1,"column":16},"end":{"line":1,"column":34}},"1":{"start":{"line":2,"column":19},"end":{"line":2,"column":41}},"2":{"start":{"line":3,"column":15},"end":{"line":3,"column":34}},"3":{"start":{"line":4,"column":13},"end":{"line":4,"column":28}},"4":{"start":{"line":5,"column":12},"end":{"line":5,"column":21}},"5":{"start":{"line":6,"column":15},"end":{"line":6,"column":36}},"6":{"start":{"line":8,"column":12},"end":{"line":8,"column":37}},"7":{"start":{"line":10,"column":21},"end":{"line":10,"column":43}},"8":{"start":{"line":13,"column":2},"end":{"line":16,"column":5}},"9":{"start":{"line":18,"column":2},"end":{"line":18,"column":29}},"10":{"start":{"line":19,"column":2},"end":{"line":19,"column":18}},"11":{"start":{"line":20,"column":2},"end":{"line":20,"column":42}},"12":{"start":{"line":23,"column":2},"end":{"line":23,"column":59}},"13":{"start":{"line":24,"column":2},"end":{"line":24,"column":65}},"14":{"start":{"line":25,"column":2},"end":{"line":25,"column":61}},"15":{"start":{"line":26,"column":2},"end":{"line":26,"column":66}},"16":{"start":{"line":27,"column":2},"end":{"line":27,"column":36}},"17":{"start":{"line":31,"column":0},"end":{"line":31,"column":7}},"18":{"start":{"line":33,"column":0},"end":{"line":33,"column":21}}},"fnMap":{"0":{"name":"init","decl":{"start":{"line":12,"column":9},"end":{"line":12,"column":13}},"loc":{"start":{"line":12,"column":16},"end":{"line":29,"column":1}},"line":12}},"branchMap":{},"s":{"0":2,"1":2,"2":2,"3":2,"4":2,"5":2,"6":2,"7":2,"8":2,"9":2,"10":2,"11":2,"12":2,"13":2,"14":2,"15":2,"16":2,"17":2,"18":2},"f":{"0":2},"b":{},"_coverageSchema":"1a1c01bbd47fc00a2c39e90264f33305004495a9","hash":"ee659d783e644334d978fdc3c003818fe15d50e1"}
,"D:\\Repos\\VideoIntelligence\\Core\\src\\config.js": {"path":"D:\\Repos\\VideoIntelligence\\Core\\src\\config.js","statementMap":{"0":{"start":{"line":1,"column":0},"end":{"line":11,"column":2}}},"fnMap":{},"branchMap":{},"s":{"0":3},"f":{},"b":{},"_coverageSchema":"1a1c01bbd47fc00a2c39e90264f33305004495a9","hash":"c634faa981756fbc1763929f1c8de982a1dbc427"}
,"D:\\Repos\\VideoIntelligence\\Core\\src\\jobs\\bucket.jobs.js": {"path":"D:\\Repos\\VideoIntelligence\\Core\\src\\jobs\\bucket.jobs.js","statementMap":{"0":{"start":{"line":1,"column":14},"end":{"line":1,"column":29}},"1":{"start":{"line":2,"column":15},"end":{"line":2,"column":35}},"2":{"start":{"line":3,"column":14},"end":{"line":3,"column":38}},"3":{"start":{"line":4,"column":23},"end":{"line":4,"column":56}},"4":{"start":{"line":5,"column":27},"end":{"line":5,"column":43}},"5":{"start":{"line":6,"column":11},"end":{"line":6,"column":24}},"6":{"start":{"line":7,"column":13},"end":{"line":7,"column":28}},"7":{"start":{"line":8,"column":22},"end":{"line":8,"column":43}},"8":{"start":{"line":9,"column":21},"end":{"line":9,"column":45}},"9":{"start":{"line":10,"column":14},"end":{"line":10,"column":39}},"10":{"start":{"line":13,"column":2},"end":{"line":25,"column":7}},"11":{"start":{"line":28,"column":23},"end":{"line":28,"column":39}},"12":{"start":{"line":29,"column":18},"end":{"line":29,"column":29}},"13":{"start":{"line":30,"column":20},"end":{"line":30,"column":33}},"14":{"start":{"line":32,"column":22},"end":{"line":42,"column":2}},"15":{"start":{"line":44,"column":0},"end":{"line":73,"column":3}},"16":{"start":{"line":45,"column":28},"end":{"line":45,"column":36}},"17":{"start":{"line":46,"column":2},"end":{"line":46,"column":57}},"18":{"start":{"line":47,"column":2},"end":{"line":51,"column":3}},"19":{"start":{"line":48,"column":4},"end":{"line":48,"column":57}},"20":{"start":{"line":49,"column":4},"end":{"line":49,"column":77}},"21":{"start":{"line":50,"column":4},"end":{"line":50,"column":11}},"22":{"start":{"line":52,"column":28},"end":{"line":56,"column":4}},"23":{"start":{"line":57,"column":22},"end":{"line":57,"column":47}},"24":{"start":{"line":58,"column":17},"end":{"line":58,"column":77}},"25":{"start":{"line":59,"column":2},"end":{"line":62,"column":5}},"26":{"start":{"line":60,"column":4},"end":{"line":60,"column":66}},"27":{"start":{"line":61,"column":4},"end":{"line":61,"column":14}},"28":{"start":{"line":63,"column":2},"end":{"line":66,"column":5}},"29":{"start":{"line":64,"column":4},"end":{"line":64,"column":60}},"30":{"start":{"line":65,"column":4},"end":{"line":65,"column":11}},"31":{"start":{"line":67,"column":16},"end":{"line":67,"column":17}},"32":{"start":{"line":68,"column":2},"end":{"line":71,"column":5}},"33":{"start":{"line":69,"column":4},"end":{"line":69,"column":28}},"34":{"start":{"line":70,"column":4},"end":{"line":70,"column":48}},"35":{"start":{"line":72,"column":2},"end":{"line":72,"column":20}},"36":{"start":{"line":75,"column":17},"end":{"line":85,"column":2}},"37":{"start":{"line":87,"column":0},"end":{"line":104,"column":3}},"38":{"start":{"line":88,"column":31},"end":{"line":88,"column":39}},"39":{"start":{"line":89,"column":2},"end":{"line":92,"column":3}},"40":{"start":{"line":90,"column":4},"end":{"line":90,"column":52}},"41":{"start":{"line":91,"column":4},"end":{"line":91,"column":11}},"42":{"start":{"line":93,"column":2},"end":{"line":93,"column":52}},"43":{"start":{"line":94,"column":19},"end":{"line":94,"column":59}},"44":{"start":{"line":95,"column":2},"end":{"line":95,"column":20}},"45":{"start":{"line":96,"column":2},"end":{"line":99,"column":5}},"46":{"start":{"line":97,"column":4},"end":{"line":97,"column":61}},"47":{"start":{"line":98,"column":4},"end":{"line":98,"column":14}},"48":{"start":{"line":100,"column":2},"end":{"line":103,"column":5}},"49":{"start":{"line":101,"column":4},"end":{"line":101,"column":55}},"50":{"start":{"line":102,"column":4},"end":{"line":102,"column":15}},"51":{"start":{"line":106,"column":19},"end":{"line":116,"column":2}},"52":{"start":{"line":117,"column":0},"end":{"line":134,"column":3}},"53":{"start":{"line":118,"column":31},"end":{"line":118,"column":39}},"54":{"start":{"line":119,"column":2},"end":{"line":122,"column":3}},"55":{"start":{"line":120,"column":4},"end":{"line":120,"column":52}},"56":{"start":{"line":121,"column":4},"end":{"line":121,"column":11}},"57":{"start":{"line":123,"column":2},"end":{"line":123,"column":54}},"58":{"start":{"line":124,"column":19},"end":{"line":124,"column":61}},"59":{"start":{"line":125,"column":2},"end":{"line":125,"column":20}},"60":{"start":{"line":126,"column":2},"end":{"line":129,"column":5}},"61":{"start":{"line":127,"column":4},"end":{"line":127,"column":63}},"62":{"start":{"line":128,"column":4},"end":{"line":128,"column":14}},"63":{"start":{"line":130,"column":2},"end":{"line":133,"column":5}},"64":{"start":{"line":131,"column":4},"end":{"line":131,"column":57}},"65":{"start":{"line":132,"column":4},"end":{"line":132,"column":15}},"66":{"start":{"line":136,"column":0},"end":{"line":136,"column":49}},"67":{"start":{"line":138,"column":0},"end":{"line":144,"column":2}}},"fnMap":{"0":{"name":"jobLogging","decl":{"start":{"line":12,"column":9},"end":{"line":12,"column":19}},"loc":{"start":{"line":12,"column":55},"end":{"line":26,"column":1}},"line":12},"1":{"name":"(anonymous_1)","decl":{"start":{"line":44,"column":22},"end":{"line":44,"column":23}},"loc":{"start":{"line":44,"column":49},"end":{"line":73,"column":1}},"line":44},"2":{"name":"(anonymous_2)","decl":{"start":{"line":59,"column":21},"end":{"line":59,"column":22}},"loc":{"start":{"line":59,"column":30},"end":{"line":62,"column":3}},"line":59},"3":{"name":"(anonymous_3)","decl":{"start":{"line":63,"column":21},"end":{"line":63,"column":22}},"loc":{"start":{"line":63,"column":27},"end":{"line":66,"column":3}},"line":63},"4":{"name":"(anonymous_4)","decl":{"start":{"line":68,"column":18},"end":{"line":68,"column":19}},"loc":{"start":{"line":68,"column":29},"end":{"line":71,"column":3}},"line":68},"5":{"name":"(anonymous_5)","decl":{"start":{"line":87,"column":17},"end":{"line":87,"column":18}},"loc":{"start":{"line":87,"column":32},"end":{"line":104,"column":1}},"line":87},"6":{"name":"(anonymous_6)","decl":{"start":{"line":96,"column":25},"end":{"line":96,"column":26}},"loc":{"start":{"line":96,"column":34},"end":{"line":99,"column":3}},"line":96},"7":{"name":"(anonymous_7)","decl":{"start":{"line":100,"column":25},"end":{"line":100,"column":26}},"loc":{"start":{"line":100,"column":43},"end":{"line":103,"column":3}},"line":100},"8":{"name":"(anonymous_8)","decl":{"start":{"line":117,"column":19},"end":{"line":117,"column":20}},"loc":{"start":{"line":117,"column":34},"end":{"line":134,"column":1}},"line":117},"9":{"name":"(anonymous_9)","decl":{"start":{"line":126,"column":25},"end":{"line":126,"column":26}},"loc":{"start":{"line":126,"column":34},"end":{"line":129,"column":3}},"line":126},"10":{"name":"(anonymous_10)","decl":{"start":{"line":130,"column":25},"end":{"line":130,"column":26}},"loc":{"start":{"line":130,"column":43},"end":{"line":133,"column":3}},"line":130}},"branchMap":{"0":{"loc":{"start":{"line":47,"column":2},"end":{"line":51,"column":3}},"type":"if","locations":[{"start":{"line":47,"column":2},"end":{"line":51,"column":3}},{"start":{"line":47,"column":2},"end":{"line":51,"column":3}}],"line":47},"1":{"loc":{"start":{"line":89,"column":2},"end":{"line":92,"column":3}},"type":"if","locations":[{"start":{"line":89,"column":2},"end":{"line":92,"column":3}},{"start":{"line":89,"column":2},"end":{"line":92,"column":3}}],"line":89},"2":{"loc":{"start":{"line":119,"column":2},"end":{"line":122,"column":3}},"type":"if","locations":[{"start":{"line":119,"column":2},"end":{"line":122,"column":3}},{"start":{"line":119,"column":2},"end":{"line":122,"column":3}}],"line":119}},"s":{"0":3,"1":3,"2":3,"3":3,"4":3,"5":3,"6":3,"7":3,"8":3,"9":3,"10":0,"11":3,"12":3,"13":3,"14":3,"15":3,"16":0,"17":0,"18":0,"19":0,"20":0,"21":0,"22":0,"23":0,"24":0,"25":0,"26":0,"27":0,"28":0,"29":0,"30":0,"31":0,"32":0,"33":0,"34":0,"35":0,"36":3,"37":3,"38":0,"39":0,"40":0,"41":0,"42":0,"43":0,"44":0,"45":0,"46":0,"47":0,"48":0,"49":0,"50":0,"51":3,"52":3,"53":0,"54":0,"55":0,"56":0,"57":0,"58":0,"59":0,"60":0,"61":0,"62":0,"63":0,"64":0,"65":0,"66":3,"67":3},"f":{"0":0,"1":0,"2":0,"3":0,"4":0,"5":0,"6":0,"7":0,"8":0,"9":0,"10":0},"b":{"0":[0,0],"1":[0,0],"2":[0,0]},"_coverageSchema":"1a1c01bbd47fc00a2c39e90264f33305004495a9","hash":"1d6dcc0271ab8daa87e4df7e4c4ad456e533c7e7"}
,"D:\\Repos\\VideoIntelligence\\Core\\src\\misc\\DataValidation.js": {"path":"D:\\Repos\\VideoIntelligence\\Core\\src\\misc\\DataValidation.js","statementMap":{"0":{"start":{"line":1,"column":0},"end":{"line":10,"column":2}},"1":{"start":{"line":3,"column":4},"end":{"line":7,"column":5}},"2":{"start":{"line":3,"column":17},"end":{"line":3,"column":18}},"3":{"start":{"line":4,"column":6},"end":{"line":6,"column":7}},"4":{"start":{"line":5,"column":8},"end":{"line":5,"column":21}},"5":{"start":{"line":8,"column":4},"end":{"line":8,"column":16}}},"fnMap":{"0":{"name":"(anonymous_0)","decl":{"start":{"line":2,"column":19},"end":{"line":2,"column":20}},"loc":{"start":{"line":2,"column":40},"end":{"line":9,"column":3}},"line":2}},"branchMap":{"0":{"loc":{"start":{"line":4,"column":6},"end":{"line":6,"column":7}},"type":"if","locations":[{"start":{"line":4,"column":6},"end":{"line":6,"column":7}},{"start":{"line":4,"column":6},"end":{"line":6,"column":7}}],"line":4}},"s":{"0":4,"1":9,"2":9,"3":19,"4":3,"5":6},"f":{"0":9},"b":{"0":[3,16]},"_coverageSchema":"1a1c01bbd47fc00a2c39e90264f33305004495a9","hash":"a344a81980d095f52ef16c803fd2fbbf628164c4"}
}
