TN:
SF:src\app.js
FN:12,init
FNF:1
FNH:1
FNDA:2,init
DA:1,2
DA:2,2
DA:3,2
DA:4,2
DA:5,2
DA:6,2
DA:8,2
DA:10,2
DA:13,2
DA:18,2
DA:19,2
DA:20,2
DA:23,2
DA:24,2
DA:25,2
DA:26,2
DA:27,2
DA:31,2
DA:33,2
LF:19
LH:19
BRF:0
BRH:0
end_of_record
TN:
SF:src\config.js
FNF:0
FNH:0
DA:1,3
LF:1
LH:1
BRF:0
BRH:0
end_of_record
TN:
SF:src\jobs\bucket.jobs.js
FN:12,jobLogging
FN:44,(anonymous_1)
FN:59,(anonymous_2)
FN:63,(anonymous_3)
FN:68,(anonymous_4)
FN:87,(anonymous_5)
FN:96,(anonymous_6)
FN:100,(anonymous_7)
FN:117,(anonymous_8)
FN:126,(anonymous_9)
FN:130,(anonymous_10)
FNF:11
FNH:0
FNDA:0,jobLogging
FNDA:0,(anonymous_1)
FNDA:0,(anonymous_2)
FNDA:0,(anonymous_3)
FNDA:0,(anonymous_4)
FNDA:0,(anonymous_5)
FNDA:0,(anonymous_6)
FNDA:0,(anonymous_7)
FNDA:0,(anonymous_8)
FNDA:0,(anonymous_9)
FNDA:0,(anonymous_10)
DA:1,3
DA:2,3
DA:3,3
DA:4,3
DA:5,3
DA:6,3
DA:7,3
DA:8,3
DA:9,3
DA:10,3
DA:13,0
DA:28,3
DA:29,3
DA:30,3
DA:32,3
DA:44,3
DA:45,0
DA:46,0
DA:47,0
DA:48,0
DA:49,0
DA:50,0
DA:52,0
DA:57,0
DA:58,0
DA:59,0
DA:60,0
DA:61,0
DA:63,0
DA:64,0
DA:65,0
DA:67,0
DA:68,0
DA:69,0
DA:70,0
DA:72,0
DA:75,3
DA:87,3
DA:88,0
DA:89,0
DA:90,0
DA:91,0
DA:93,0
DA:94,0
DA:95,0
DA:96,0
DA:97,0
DA:98,0
DA:100,0
DA:101,0
DA:102,0
DA:106,3
DA:117,3
DA:118,0
DA:119,0
DA:120,0
DA:121,0
DA:123,0
DA:124,0
DA:125,0
DA:126,0
DA:127,0
DA:128,0
DA:130,0
DA:131,0
DA:132,0
DA:136,3
DA:138,3
LF:68
LH:21
BRDA:47,0,0,0
BRDA:47,0,1,0
BRDA:89,1,0,0
BRDA:89,1,1,0
BRDA:119,2,0,0
BRDA:119,2,1,0
BRF:6
BRH:0
end_of_record
TN:
SF:src\misc\DataValidation.js
FN:2,(anonymous_0)
FNF:1
FNH:1
FNDA:9,(anonymous_0)
DA:1,4
DA:3,9
DA:4,19
DA:5,3
DA:8,6
LF:5
LH:5
BRDA:4,0,0,3
BRDA:4,0,1,16
BRF:2
BRH:2
end_of_record
